{"meta": {"format": 3, "version": "7.13.0", "timestamp": "2026-05-02T12:47:43.469371", "branch_coverage": false, "show_contexts": false}, "files": {"src/forge/cli/_serve_deps_state_channel.py": {"executed_lines": [1, 53, 55, 56, 57, 58, 59, 61, 62, 67, 75, 92, 112, 113, 114, 135, 136, 137, 138, 139, 140, 141, 142, 143, 151, 171, 179, 180, 195, 196, 197, 202, 207, 209, 255, 256, 257, 258, 259, 260, 261, 262, 265, 270, 277, 278, 280, 281, 282, 310, 321, 339, 374, 375, 380, 388, 423, 424, 431, 433, 434, 435, 446, 447, 449], "summary": {"covered_lines": 62, "num_statements": 66, "percent_covered": 93.93939393939394, "percent_covered_display": "94", "missing_lines": 4, "excluded_lines": 2, "percent_statements_covered": 93.93939393939394, "percent_statements_covered_display": "94"}, "missing_lines": [311, 315, 316, 319], "excluded_lines": [317, 318], "functions": {"ensure_async_tasks_schema": {"executed_lines": [171], "summary": {"covered_lines": 1, "num_statements": 1, "percent_covered": 100.0, "percent_covered_display": "100", "missing_lines": 0, "excluded_lines": 0, "percent_statements_covered": 100.0, "percent_statements_covered_display": "100"}, "missing_lines": [], "excluded_lines": []}, "_SqliteAutobuildStateInitialiser.__init__": {"executed_lines": [196, 197, 202, 207], "summary": {"covered_lines": 4, "num_statements": 4, "percent_covered": 100.0, "percent_covered_display": "100", "missing_lines": 0, "excluded_lines": 0, "percent_statements_covered": 100.0, "percent_statements_covered_display": "100"}, "missing_lines": [], "excluded_lines": []}, "_SqliteAutobuildStateInitialiser.initialise_autobuild_state": {"executed_lines": [255, 256, 257, 258, 259, 260, 261, 262, 265, 270, 277, 278, 280, 281, 282, 310, 321], "summary": {"covered_lines": 17, "num_statements": 21, "percent_covered": 80.95238095238095, "percent_covered_display": "81", "missing_lines": 4, "excluded_lines": 2, "percent_statements_covered": 80.95238095238095, "percent_statements_covered_display": "81"}, "missing_lines": [311, 315, 316, 319], "excluded_lines": [317, 318]}, "build_autobuild_state_initialiser": {"executed_lines": [374, 375, 380], "summary": {"covered_lines": 3, "num_statements": 3, "percent_covered": 100.0, "percent_covered_display": "100", "missing_lines": 0, "excluded_lines": 0, "percent_statements_covered": 100.0, "percent_statements_covered_display": "100"}, "missing_lines": [], "excluded_lines": []}, "read_autobuild_state": {"executed_lines": [423, 424, 431, 433, 434, 435, 446, 447, 449], "summary": {"covered_lines": 9, "num_statements": 9, "percent_covered": 100.0, "percent_covered_display": "100", "missing_lines": 0, "excluded_lines": 0, "percent_statements_covered": 100.0, "percent_statements_covered_display": "100"}, "missing_lines": [], "excluded_lines": []}, "": {"executed_lines": [1, 53, 55, 56, 57, 58, 59, 61, 62, 67, 75, 92, 112, 113, 114, 135, 136, 137, 138, 139, 140, 141, 142, 143, 151, 179, 180, 195, 209, 339, 388], "summary": {"covered_lines": 28, "num_statements": 28, "percent_covered": 100.0, "percent_covered_display": "100", "missing_lines": 0, "excluded_lines": 0, "percent_statements_covered": 100.0, "percent_statements_covered_display": "100"}, "missing_lines": [], "excluded_lines": []}}, "classes": {"AutobuildStateRow": {"executed_lines": [], "summary": {"covered_lines": 0, "num_statements": 0, "percent_covered": 100.0, "percent_covered_display": "100", "missing_lines": 0, "excluded_lines": 0, "percent_statements_covered": 100.0, "percent_statements_covered_display": "100"}, "missing_lines": [], "excluded_lines": []}, "_SqliteAutobuildStateInitialiser": {"executed_lines": [196, 197, 202, 207, 255, 256, 257, 258, 259, 260, 261, 262, 265, 270, 277, 278, 280, 281, 282, 310, 321], "summary": {"covered_lines": 21, "num_statements": 25, "percent_covered": 84.0, "percent_covered_display": "84", "missing_lines": 4, "excluded_lines": 2, "percent_statements_covered": 84.0, "percent_statements_covered_display": "84"}, "missing_lines": [311, 315, 316, 319], "excluded_lines": [317, 318]}, "": {"executed_lines": [1, 53, 55, 56, 57, 58, 59, 61, 62, 67, 75, 92, 112, 113, 114, 135, 136, 137, 138, 139, 140, 141, 142, 143, 151, 171, 179, 180, 195, 209, 339, 374, 375, 380, 388, 423, 424, 431, 433, 434, 435, 446, 447, 449], "summary": {"covered_lines": 41, "num_statements": 41, "percent_covered": 100.0, "percent_covered_display": "100", "missing_lines": 0, "excluded_lines": 0, "percent_statements_covered": 100.0, "percent_statements_covered_display": "100"}, "missing_lines": [], "excluded_lines": []}}}, "src/forge/subagents/__init__.py": {"executed_lines": [1, 17, 19], "summary": {"covered_lines": 2, "num_statements": 2, "percent_covered": 100.0, "percent_covered_display": "100", "missing_lines": 0, "excluded_lines": 0, "percent_statements_covered": 100.0, "percent_statements_covered_display": "100"}, "missing_lines": [], "excluded_lines": [], "functions": {"": {"executed_lines": [1, 17, 19], "summary": {"covered_lines": 2, "num_statements": 2, "percent_covered": 100.0, "percent_covered_display": "100", "missing_lines": 0, "excluded_lines": 0, "percent_statements_covered": 100.0, "percent_statements_covered_display": "100"}, "missing_lines": [], "excluded_lines": []}}, "classes": {"": {"executed_lines": [1, 17, 19], "summary": {"covered_lines": 2, "num_statements": 2, "percent_covered": 100.0, "percent_covered_display": "100", "missing_lines": 0, "excluded_lines": 0, "percent_statements_covered": 100.0, "percent_statements_covered_display": "100"}, "missing_lines": [], "excluded_lines": []}}}, "src/forge/subagents/autobuild_runner.py": {"executed_lines": [1, 73, 75, 76, 77, 78, 79, 81, 83, 95, 110, 117, 125, 133, 134, 176, 179, 180, 181, 184, 185, 186, 187, 188, 189, 190, 191, 194, 195, 198, 201, 204, 207, 210, 213, 216, 224, 225, 226, 237, 240, 241, 242, 249, 257, 258, 267, 268, 270, 273, 281, 282, 285, 305, 306, 310, 311, 312, 313, 314, 315, 318, 326, 370, 371, 376, 380, 381, 383, 389, 390, 397, 398, 399, 400, 409, 417, 438, 439, 443, 454, 484, 503, 504, 513, 514, 530, 552, 555], "summary": {"covered_lines": 81, "num_statements": 90, "percent_covered": 90.0, "percent_covered_display": "90", "missing_lines": 9, "excluded_lines": 12, "percent_statements_covered": 90.0, "percent_statements_covered_display": "90"}, "missing_lines": [520, 521, 527, 539, 541, 542, 543, 544, 545], "excluded_lines": [236, 237, 238, 239, 248, 249, 250, 251, 252, 505, 506, 511], "functions": {"SubagentEmitter.on_transition": {"executed_lines": [237], "summary": {"covered_lines": 0, "num_statements": 0, "percent_covered": 100.0, "percent_covered_display": "100", "missing_lines": 0, "excluded_lines": 1, "percent_statements_covered": 100.0, "percent_statements_covered_display": "100"}, "missing_lines": [], "excluded_lines": [237]}, "StateChannelWriter.write": {"executed_lines": [249], "summary": {"covered_lines": 0, "num_statements": 0, "percent_covered": 100.0, "percent_covered_display": "100", "missing_lines": 0, "excluded_lines": 1, "percent_statements_covered": 100.0, "percent_statements_covered_display": "100"}, "missing_lines": [], "excluded_lines": [249]}, "_NullStateWriter.__init__": {"executed_lines": [268], "summary": {"covered_lines": 1, "num_statements": 1, "percent_covered": 100.0, "percent_covered_display": "100", "missing_lines": 0, "excluded_lines": 0, "percent_statements_covered": 100.0, "percent_statements_covered_display": "100"}, "missing_lines": [], "excluded_lines": []}, "_NullStateWriter.write": {"executed_lines": [273], "summary": {"covered_lines": 1, "num_statements": 1, "percent_covered": 100.0, "percent_covered_display": "100", "missing_lines": 0, "excluded_lines": 0, "percent_statements_covered": 100.0, "percent_statements_covered_display": "100"}, "missing_lines": [], "excluded_lines": []}, "assert_within_worktree": {"executed_lines": [305, 306, 310, 311, 312, 313, 314, 315, 318], "summary": {"covered_lines": 9, "num_statements": 9, "percent_covered": 100.0, "percent_covered_display": "100", "missing_lines": 0, "excluded_lines": 0, "percent_statements_covered": 100.0, "percent_statements_covered_display": "100"}, "missing_lines": [], "excluded_lines": []}, "_update_state": {"executed_lines": [370, 371, 376, 380, 381, 383, 389, 390, 397, 398, 399, 400, 409], "summary": {"covered_lines": 13, "num_statements": 13, "percent_covered": 100.0, "percent_covered_display": "100", "missing_lines": 0, "excluded_lines": 0, "percent_statements_covered": 100.0, "percent_statements_covered_display": "100"}, "missing_lines": [], "excluded_lines": []}, "build_stage_complete_kwargs": {"executed_lines": [438, 439, 443], "summary": {"covered_lines": 3, "num_statements": 3, "percent_covered": 100.0, "percent_covered_display": "100", "missing_lines": 0, "excluded_lines": 0, "percent_statements_covered": 100.0, "percent_statements_covered_display": "100"}, "missing_lines": [], "excluded_lines": []}, "_build_runner_graph": {"executed_lines": [503, 504, 513, 514], "summary": {"covered_lines": 4, "num_statements": 7, "percent_covered": 57.142857142857146, "percent_covered_display": "57", "missing_lines": 3, "excluded_lines": 3, "percent_statements_covered": 57.142857142857146, "percent_statements_covered_display": "57"}, "missing_lines": [520, 521, 527], "excluded_lines": [505, 506, 511]}, "_build_placeholder_graph": {"executed_lines": [], "summary": {"covered_lines": 0, "num_statements": 6, "percent_covered": 0.0, "percent_covered_display": "0", "missing_lines": 6, "excluded_lines": 0, "percent_statements_covered": 0.0, "percent_statements_covered_display": "0"}, "missing_lines": [539, 541, 542, 543, 544, 545], "excluded_lines": []}, "": {"executed_lines": [1, 73, 75, 76, 77, 78, 79, 81, 83, 95, 110, 117, 125, 133, 134, 176, 179, 180, 181, 184, 185, 186, 187, 188, 189, 190, 191, 194, 195, 198, 201, 204, 207, 210, 213, 216, 224, 225, 226, 240, 241, 242, 257, 258, 267, 270, 281, 282, 285, 326, 417, 454, 484, 530, 552, 555], "summary": {"covered_lines": 50, "num_statements": 50, "percent_covered": 100.0, "percent_covered_display": "100", "missing_lines": 0, "excluded_lines": 7, "percent_statements_covered": 100.0, "percent_statements_covered_display": "100"}, "missing_lines": [], "excluded_lines": [236, 238, 239, 248, 250, 251, 252]}}, "classes": {"AutobuildState": {"executed_lines": [], "summary": {"covered_lines": 0, "num_statements": 0, "percent_covered": 100.0, "percent_covered_display": "100", "missing_lines": 0, "excluded_lines": 0, "percent_statements_covered": 100.0, "percent_statements_covered_display": "100"}, "missing_lines": [], "excluded_lines": []}, "SubagentEmitter": {"executed_lines": [237], "summary": {"covered_lines": 0, "num_statements": 0, "percent_covered": 100.0, "percent_covered_display": "100", "missing_lines": 0, "excluded_lines": 1, "percent_statements_covered": 100.0, "percent_statements_covered_display": "100"}, "missing_lines": [], "excluded_lines": [237]}, "StateChannelWriter": {"executed_lines": [249], "summary": {"covered_lines": 0, "num_statements": 0, "percent_covered": 100.0, "percent_covered_display": "100", "missing_lines": 0, "excluded_lines": 1, "percent_statements_covered": 100.0, "percent_statements_covered_display": "100"}, "missing_lines": [], "excluded_lines": [249]}, "_NullStateWriter": {"executed_lines": [268, 273], "summary": {"covered_lines": 2, "num_statements": 2, "percent_covered": 100.0, "percent_covered_display": "100", "missing_lines": 0, "excluded_lines": 0, "percent_statements_covered": 100.0, "percent_statements_covered_display": "100"}, "missing_lines": [], "excluded_lines": []}, "WorktreeConfinementError": {"executed_lines": [], "summary": {"covered_lines": 0, "num_statements": 0, "percent_covered": 100.0, "percent_covered_display": "100", "missing_lines": 0, "excluded_lines": 0, "percent_statements_covered": 100.0, "percent_statements_covered_display": "100"}, "missing_lines": [], "excluded_lines": []}, "": {"executed_lines": [1, 73, 75, 76, 77, 78, 79, 81, 83, 95, 110, 117, 125, 133, 134, 176, 179, 180, 181, 184, 185, 186, 187, 188, 189, 190, 191, 194, 195, 198, 201, 204, 207, 210, 213, 216, 224, 225, 226, 240, 241, 242, 257, 258, 267, 270, 281, 282, 285, 305, 306, 310, 311, 312, 313, 314, 315, 318, 326, 370, 371, 376, 380, 381, 383, 389, 390, 397, 398, 399, 400, 409, 417, 438, 439, 443, 454, 484, 503, 504, 513, 514, 530, 552, 555], "summary": {"covered_lines": 79, "num_statements": 88, "percent_covered": 89.77272727272727, "percent_covered_display": "90", "missing_lines": 9, "excluded_lines": 10, "percent_statements_covered": 89.77272727272727, "percent_statements_covered_display": "90"}, "missing_lines": [520, 521, 527, 539, 541, 542, 543, 544, 545], "excluded_lines": [236, 238, 239, 248, 250, 251, 252, 505, 506, 511]}}}}, "totals": {"covered_lines": 145, "num_statements": 158, "percent_covered": 91.77215189873418, "percent_covered_display": "92", "missing_lines": 13, "excluded_lines": 14, "percent_statements_covered": 91.77215189873418, "percent_statements_covered_display": "92"}}