{"meta": {"format": 3, "version": "7.13.4", "timestamp": "2026-04-27T20:13:16.528990", "branch_coverage": false, "show_contexts": false}, "files": {"src/forge/__init__.py": {"executed_lines": [], "summary": {"covered_lines": 0, "num_statements": 0, "percent_covered": 100.0, "percent_covered_display": "100", "missing_lines": 0, "excluded_lines": 0, "percent_statements_covered": 100.0, "percent_statements_covered_display": "100"}, "missing_lines": [], "excluded_lines": [], "functions": {"": {"executed_lines": [], "summary": {"covered_lines": 0, "num_statements": 0, "percent_covered": 100.0, "percent_covered_display": "100", "missing_lines": 0, "excluded_lines": 0, "percent_statements_covered": 100.0, "percent_statements_covered_display": "100"}, "missing_lines": [], "excluded_lines": [], "start_line": 1}}, "classes": {"": {"executed_lines": [], "summary": {"covered_lines": 0, "num_statements": 0, "percent_covered": 100.0, "percent_covered_display": "100", "missing_lines": 0, "excluded_lines": 0, "percent_statements_covered": 100.0, "percent_statements_covered_display": "100"}, "missing_lines": [], "excluded_lines": [], "start_line": 1}}}, "src/forge/adapters/__init__.py": {"executed_lines": [], "summary": {"covered_lines": 0, "num_statements": 0, "percent_covered": 100.0, "percent_covered_display": "100", "missing_lines": 0, "excluded_lines": 0, "percent_statements_covered": 100.0, "percent_statements_covered_display": "100"}, "missing_lines": [], "excluded_lines": [], "functions": {"": {"executed_lines": [], "summary": {"covered_lines": 0, "num_statements": 0, "percent_covered": 100.0, "percent_covered_display": "100", "missing_lines": 0, "excluded_lines": 0, "percent_statements_covered": 100.0, "percent_statements_covered_display": "100"}, "missing_lines": [], "excluded_lines": [], "start_line": 1}}, "classes": {"": {"executed_lines": [], "summary": {"covered_lines": 0, "num_statements": 0, "percent_covered": 100.0, "percent_covered_display": "100", "missing_lines": 0, "excluded_lines": 0, "percent_statements_covered": 100.0, "percent_statements_covered_display": "100"}, "missing_lines": [], "excluded_lines": [], "start_line": 1}}}, "src/forge/adapters/gh/__init__.py": {"executed_lines": [], "summary": {"covered_lines": 0, "num_statements": 2, "percent_covered": 0.0, "percent_covered_display": "0", "missing_lines": 2, "excluded_lines": 0, "percent_statements_covered": 0.0, "percent_statements_covered_display": "0"}, "missing_lines": [13, 15], "excluded_lines": [], "functions": {"": {"executed_lines": [], "summary": {"covered_lines": 0, "num_statements": 2, "percent_covered": 0.0, "percent_covered_display": "0", "missing_lines": 2, "excluded_lines": 0, "percent_statements_covered": 0.0, "percent_statements_covered_display": "0"}, "missing_lines": [13, 15], "excluded_lines": [], "start_line": 1}}, "classes": {"": {"executed_lines": [], "summary": {"covered_lines": 0, "num_statements": 2, "percent_covered": 0.0, "percent_covered_display": "0", "missing_lines": 2, "excluded_lines": 0, "percent_statements_covered": 0.0, "percent_statements_covered_display": "0"}, "missing_lines": [13, 15], "excluded_lines": [], "start_line": 1}}}, "src/forge/adapters/gh/operations.py": {"executed_lines": [], "summary": {"covered_lines": 0, "num_statements": 50, "percent_covered": 0.0, "percent_covered_display": "0", "missing_lines": 50, "excluded_lines": 0, "percent_statements_covered": 0.0, "percent_statements_covered_display": "0"}, "missing_lines": [37, 39, 40, 41, 42, 43, 45, 47, 52, 55, 56, 59, 83, 89, 90, 94, 95, 96, 97, 99, 100, 101, 102, 105, 117, 128, 129, 130, 133, 136, 143, 175, 176, 177, 179, 181, 182, 186, 191, 194, 199, 202, 203, 205, 206, 209, 217, 218, 219, 222], "excluded_lines": [], "functions": {"_execute": {"executed_lines": [], "summary": {"covered_lines": 0, "num_statements": 11, "percent_covered": 0.0, "percent_covered_display": "0", "missing_lines": 11, "excluded_lines": 0, "percent_statements_covered": 0.0, "percent_statements_covered_display": "0"}, "missing_lines": [83, 89, 90, 94, 95, 96, 97, 99, 100, 101, 102], "excluded_lines": [], "start_line": 59}, "_build_command": {"executed_lines": [], "summary": {"covered_lines": 0, "num_statements": 4, "percent_covered": 0.0, "percent_covered_display": "0", "missing_lines": 4, "excluded_lines": 0, "percent_statements_covered": 0.0, "percent_statements_covered_display": "0"}, "missing_lines": [117, 128, 129, 130], "excluded_lines": [], "start_line": 105}, "_missing_credentials_result": {"executed_lines": [], "summary": {"covered_lines": 0, "num_statements": 1, "percent_covered": 0.0, "percent_covered_display": "0", "missing_lines": 1, "excluded_lines": 0, "percent_statements_covered": 0.0, "percent_statements_covered_display": "0"}, "missing_lines": [136], "excluded_lines": [], "start_line": 133}, "create_pr": {"executed_lines": [], "summary": {"covered_lines": 0, "num_statements": 18, "percent_covered": 0.0, "percent_covered_display": "0", "missing_lines": 18, "excluded_lines": 0, "percent_statements_covered": 0.0, "percent_statements_covered_display": "0"}, "missing_lines": [175, 176, 177, 179, 181, 182, 186, 191, 194, 199, 202, 203, 205, 206, 209, 217, 218, 219], "excluded_lines": [], "start_line": 143}, "": {"executed_lines": [], "summary": {"covered_lines": 0, "num_statements": 16, "percent_covered": 0.0, "percent_covered_display": "0", "missing_lines": 16, "excluded_lines": 0, "percent_statements_covered": 0.0, "percent_statements_covered_display": "0"}, "missing_lines": [37, 39, 40, 41, 42, 43, 45, 47, 52, 55, 56, 59, 105, 133, 143, 222], "excluded_lines": [], "start_line": 1}}, "classes": {"": {"executed_lines": [], "summary": {"covered_lines": 0, "num_statements": 50, "percent_covered": 0.0, "percent_covered_display": "0", "missing_lines": 50, "excluded_lines": 0, "percent_statements_covered": 0.0, "percent_statements_covered_display": "0"}, "missing_lines": [37, 39, 40, 41, 42, 43, 45, 47, 52, 55, 56, 59, 83, 89, 90, 94, 95, 96, 97, 99, 100, 101, 102, 105, 117, 128, 129, 130, 133, 136, 143, 175, 176, 177, 179, 181, 182, 186, 191, 194, 199, 202, 203, 205, 206, 209, 217, 218, 219, 222], "excluded_lines": [], "start_line": 1}}}, "src/forge/adapters/git/__init__.py": {"executed_lines": [], "summary": {"covered_lines": 0, "num_statements": 2, "percent_covered": 0.0, "percent_covered_display": "0", "missing_lines": 2, "excluded_lines": 0, "percent_statements_covered": 0.0, "percent_statements_covered_display": "0"}, "missing_lines": [17, 19], "excluded_lines": [], "functions": {"": {"executed_lines": [], "summary": {"covered_lines": 0, "num_statements": 2, "percent_covered": 0.0, "percent_covered_display": "0", "missing_lines": 2, "excluded_lines": 0, "percent_statements_covered": 0.0, "percent_statements_covered_display": "0"}, "missing_lines": [17, 19], "excluded_lines": [], "start_line": 1}}, "classes": {"": {"executed_lines": [], "summary": {"covered_lines": 0, "num_statements": 2, "percent_covered": 0.0, "percent_covered_display": "0", "missing_lines": 2, "excluded_lines": 0, "percent_statements_covered": 0.0, "percent_statements_covered_display": "0"}, "missing_lines": [17, 19], "excluded_lines": [], "start_line": 1}}}, "src/forge/adapters/git/models.py": {"executed_lines": [], "summary": {"covered_lines": 0, "num_statements": 16, "percent_covered": 0.0, "percent_covered_display": "0", "missing_lines": 16, "excluded_lines": 0, "percent_statements_covered": 0.0, "percent_statements_covered_display": "0"}, "missing_lines": [27, 29, 31, 34, 51, 52, 59, 63, 67, 71, 77, 95, 96, 100, 104, 111], "excluded_lines": [], "functions": {"": {"executed_lines": [], "summary": {"covered_lines": 0, "num_statements": 16, "percent_covered": 0.0, "percent_covered_display": "0", "missing_lines": 16, "excluded_lines": 0, "percent_statements_covered": 0.0, "percent_statements_covered_display": "0"}, "missing_lines": [27, 29, 31, 34, 51, 52, 59, 63, 67, 71, 77, 95, 96, 100, 104, 111], "excluded_lines": [], "start_line": 1}}, "classes": {"GitOpResult": {"executed_lines": [], "summary": {"covered_lines": 0, "num_statements": 0, "percent_covered": 100.0, "percent_covered_display": "100", "missing_lines": 0, "excluded_lines": 0, "percent_statements_covered": 100.0, "percent_statements_covered_display": "100"}, "missing_lines": [], "excluded_lines": [], "start_line": 34}, "PRResult": {"executed_lines": [], "summary": {"covered_lines": 0, "num_statements": 0, "percent_covered": 100.0, "percent_covered_display": "100", "missing_lines": 0, "excluded_lines": 0, "percent_statements_covered": 100.0, "percent_statements_covered_display": "100"}, "missing_lines": [], "excluded_lines": [], "start_line": 77}, "": {"executed_lines": [], "summary": {"covered_lines": 0, "num_statements": 16, "percent_covered": 0.0, "percent_covered_display": "0", "missing_lines": 16, "excluded_lines": 0, "percent_statements_covered": 0.0, "percent_statements_covered_display": "0"}, "missing_lines": [27, 29, 31, 34, 51, 52, 59, 63, 67, 71, 77, 95, 96, 100, 104, 111], "excluded_lines": [], "start_line": 1}}}, "src/forge/adapters/git/operations.py": {"executed_lines": [], "summary": {"covered_lines": 0, "num_statements": 83, "percent_covered": 0.0, "percent_covered_display": "0", "missing_lines": 83, "excluded_lines": 1, "percent_statements_covered": 0.0, "percent_statements_covered_display": "0"}, "missing_lines": [46, 48, 49, 50, 51, 52, 54, 56, 64, 65, 72, 73, 74, 77, 92, 110, 116, 117, 119, 120, 132, 133, 136, 144, 145, 146, 147, 148, 151, 157, 170, 189, 190, 191, 192, 196, 197, 203, 209, 210, 213, 216, 237, 238, 239, 240, 241, 242, 249, 250, 251, 258, 259, 260, 266, 267, 273, 274, 275, 278, 293, 294, 295, 299, 300, 305, 311, 312, 313, 316, 338, 339, 342, 343, 347, 348, 354, 355, 363, 369, 370, 375, 378], "excluded_lines": [78], "functions": {"_default_execute": {"executed_lines": [], "summary": {"covered_lines": 0, "num_statements": 5, "percent_covered": 0.0, "percent_covered_display": "0", "missing_lines": 5, "excluded_lines": 0, "percent_statements_covered": 0.0, "percent_statements_covered_display": "0"}, "missing_lines": [110, 116, 117, 119, 120], "excluded_lines": [], "start_line": 92}, "_failure_stderr": {"executed_lines": [], "summary": {"covered_lines": 0, "num_statements": 5, "percent_covered": 0.0, "percent_covered_display": "0", "missing_lines": 5, "excluded_lines": 0, "percent_statements_covered": 0.0, "percent_statements_covered_display": "0"}, "missing_lines": [144, 145, 146, 147, 148], "excluded_lines": [], "start_line": 136}, "_exception_failure": {"executed_lines": [], "summary": {"covered_lines": 0, "num_statements": 1, "percent_covered": 0.0, "percent_covered_display": "0", "missing_lines": 1, "excluded_lines": 0, "percent_statements_covered": 0.0, "percent_statements_covered_display": "0"}, "missing_lines": [157], "excluded_lines": [], "start_line": 151}, "prepare_worktree": {"executed_lines": [], "summary": {"covered_lines": 0, "num_statements": 10, "percent_covered": 0.0, "percent_covered_display": "0", "missing_lines": 10, "excluded_lines": 0, "percent_statements_covered": 0.0, "percent_statements_covered_display": "0"}, "missing_lines": [189, 190, 191, 192, 196, 197, 203, 209, 210, 213], "excluded_lines": [], "start_line": 170}, "commit_all": {"executed_lines": [], "summary": {"covered_lines": 0, "num_statements": 17, "percent_covered": 0.0, "percent_covered_display": "0", "missing_lines": 17, "excluded_lines": 0, "percent_statements_covered": 0.0, "percent_statements_covered_display": "0"}, "missing_lines": [237, 238, 239, 240, 241, 242, 249, 250, 251, 258, 259, 260, 266, 267, 273, 274, 275], "excluded_lines": [], "start_line": 216}, "push": {"executed_lines": [], "summary": {"covered_lines": 0, "num_statements": 9, "percent_covered": 0.0, "percent_covered_display": "0", "missing_lines": 9, "excluded_lines": 0, "percent_statements_covered": 0.0, "percent_statements_covered_display": "0"}, "missing_lines": [293, 294, 295, 299, 300, 305, 311, 312, 313], "excluded_lines": [], "start_line": 278}, "cleanup_worktree": {"executed_lines": [], "summary": {"covered_lines": 0, "num_statements": 12, "percent_covered": 0.0, "percent_covered_display": "0", "missing_lines": 12, "excluded_lines": 0, "percent_statements_covered": 0.0, "percent_statements_covered_display": "0"}, "missing_lines": [338, 339, 342, 343, 347, 348, 354, 355, 363, 369, 370, 375], "excluded_lines": [], "start_line": 316}, "": {"executed_lines": [], "summary": {"covered_lines": 0, "num_statements": 24, "percent_covered": 0.0, "percent_covered_display": "0", "missing_lines": 24, "excluded_lines": 1, "percent_statements_covered": 0.0, "percent_statements_covered_display": "0"}, "missing_lines": [46, 48, 49, 50, 51, 52, 54, 56, 64, 65, 72, 73, 74, 77, 92, 132, 133, 136, 151, 170, 216, 278, 316, 378], "excluded_lines": [78], "start_line": 1}}, "classes": {"ExecuteResult": {"executed_lines": [], "summary": {"covered_lines": 0, "num_statements": 0, "percent_covered": 100.0, "percent_covered_display": "100", "missing_lines": 0, "excluded_lines": 0, "percent_statements_covered": 100.0, "percent_statements_covered_display": "100"}, "missing_lines": [], "excluded_lines": [], "start_line": 65}, "": {"executed_lines": [], "summary": {"covered_lines": 0, "num_statements": 83, "percent_covered": 0.0, "percent_covered_display": "0", "missing_lines": 83, "excluded_lines": 1, "percent_statements_covered": 0.0, "percent_statements_covered_display": "0"}, "missing_lines": [46, 48, 49, 50, 51, 52, 54, 56, 64, 65, 72, 73, 74, 77, 92, 110, 116, 117, 119, 120, 132, 133, 136, 144, 145, 146, 147, 148, 151, 157, 170, 189, 190, 191, 192, 196, 197, 203, 209, 210, 213, 216, 237, 238, 239, 240, 241, 242, 249, 250, 251, 258, 259, 260, 266, 267, 273, 274, 275, 278, 293, 294, 295, 299, 300, 305, 311, 312, 313, 316, 338, 339, 342, 343, 347, 348, 354, 355, 363, 369, 370, 375, 378], "excluded_lines": [78], "start_line": 1}}}, "src/forge/adapters/guardkit/__init__.py": {"executed_lines": [], "summary": {"covered_lines": 0, "num_statements": 3, "percent_covered": 0.0, "percent_covered_display": "0", "missing_lines": 3, "excluded_lines": 0, "percent_statements_covered": 0.0, "percent_statements_covered_display": "0"}, "missing_lines": [19, 20, 22], "excluded_lines": [], "functions": {"": {"executed_lines": [], "summary": {"covered_lines": 0, "num_statements": 3, "percent_covered": 0.0, "percent_covered_display": "0", "missing_lines": 3, "excluded_lines": 0, "percent_statements_covered": 0.0, "percent_statements_covered_display": "0"}, "missing_lines": [19, 20, 22], "excluded_lines": [], "start_line": 1}}, "classes": {"": {"executed_lines": [], "summary": {"covered_lines": 0, "num_statements": 3, "percent_covered": 0.0, "percent_covered_display": "0", "missing_lines": 3, "excluded_lines": 0, "percent_statements_covered": 0.0, "percent_statements_covered_display": "0"}, "missing_lines": [19, 20, 22], "excluded_lines": [], "start_line": 1}}}, "src/forge/adapters/guardkit/context_resolver.py": {"executed_lines": [], "summary": {"covered_lines": 0, "num_statements": 116, "percent_covered": 0.0, "percent_covered_display": "0", "missing_lines": 116, "excluded_lines": 0, "percent_statements_covered": 0.0, "percent_statements_covered_display": "0"}, "missing_lines": [26, 28, 29, 30, 31, 32, 34, 36, 38, 49, 66, 74, 75, 83, 84, 92, 93, 94, 102, 139, 140, 146, 147, 148, 150, 152, 153, 154, 157, 167, 172, 173, 174, 175, 176, 177, 178, 179, 185, 186, 187, 191, 196, 197, 199, 200, 201, 202, 203, 205, 206, 207, 208, 209, 210, 211, 214, 215, 216, 217, 218, 219, 224, 225, 226, 232, 233, 234, 235, 239, 240, 241, 256, 257, 258, 272, 273, 274, 278, 279, 291, 292, 293, 295, 296, 297, 299, 307, 316, 317, 318, 319, 320, 321, 322, 323, 330, 331, 332, 333, 336, 353, 354, 356, 357, 370, 372, 373, 386, 388, 391, 398, 399, 400, 401, 404], "excluded_lines": [], "functions": {"resolve_context_flags": {"executed_lines": [], "summary": {"covered_lines": 0, "num_statements": 68, "percent_covered": 0.0, "percent_covered_display": "0", "missing_lines": 68, "excluded_lines": 0, "percent_statements_covered": 0.0, "percent_statements_covered_display": "0"}, "missing_lines": [139, 140, 146, 147, 148, 150, 152, 153, 154, 157, 167, 172, 173, 174, 175, 176, 177, 178, 179, 185, 186, 187, 191, 196, 197, 199, 200, 201, 202, 203, 205, 206, 207, 208, 209, 210, 211, 214, 215, 216, 217, 218, 219, 224, 225, 226, 232, 233, 234, 235, 239, 240, 241, 256, 257, 258, 272, 273, 274, 278, 279, 291, 292, 293, 295, 296, 297, 299], "excluded_lines": [], "start_line": 102}, "_load_manifest": {"executed_lines": [], "summary": {"covered_lines": 0, "num_statements": 12, "percent_covered": 0.0, "percent_covered_display": "0", "missing_lines": 12, "excluded_lines": 0, "percent_statements_covered": 0.0, "percent_statements_covered_display": "0"}, "missing_lines": [316, 317, 318, 319, 320, 321, 322, 323, 330, 331, 332, 333], "excluded_lines": [], "start_line": 307}, "_validate_doc_path": {"executed_lines": [], "summary": {"covered_lines": 0, "num_statements": 9, "percent_covered": 0.0, "percent_covered_display": "0", "missing_lines": 9, "excluded_lines": 0, "percent_statements_covered": 0.0, "percent_statements_covered_display": "0"}, "missing_lines": [353, 354, 356, 357, 370, 372, 373, 386, 388], "excluded_lines": [], "start_line": 336}, "_is_within": {"executed_lines": [], "summary": {"covered_lines": 0, "num_statements": 4, "percent_covered": 0.0, "percent_covered_display": "0", "missing_lines": 4, "excluded_lines": 0, "percent_statements_covered": 0.0, "percent_statements_covered_display": "0"}, "missing_lines": [398, 399, 400, 401], "excluded_lines": [], "start_line": 391}, "": {"executed_lines": [], "summary": {"covered_lines": 0, "num_statements": 23, "percent_covered": 0.0, "percent_covered_display": "0", "missing_lines": 23, "excluded_lines": 0, "percent_statements_covered": 0.0, "percent_statements_covered_display": "0"}, "missing_lines": [26, 28, 29, 30, 31, 32, 34, 36, 38, 49, 66, 74, 75, 83, 84, 92, 93, 94, 102, 307, 336, 391, 404], "excluded_lines": [], "start_line": 1}}, "classes": {"ResolvedContext": {"executed_lines": [], "summary": {"covered_lines": 0, "num_statements": 0, "percent_covered": 100.0, "percent_covered_display": "100", "missing_lines": 0, "excluded_lines": 0, "percent_statements_covered": 100.0, "percent_statements_covered_display": "100"}, "missing_lines": [], "excluded_lines": [], "start_line": 84}, "": {"executed_lines": [], "summary": {"covered_lines": 0, "num_statements": 116, "percent_covered": 0.0, "percent_covered_display": "0", "missing_lines": 116, "excluded_lines": 0, "percent_statements_covered": 0.0, "percent_statements_covered_display": "0"}, "missing_lines": [26, 28, 29, 30, 31, 32, 34, 36, 38, 49, 66, 74, 75, 83, 84, 92, 93, 94, 102, 139, 140, 146, 147, 148, 150, 152, 153, 154, 157, 167, 172, 173, 174, 175, 176, 177, 178, 179, 185, 186, 187, 191, 196, 197, 199, 200, 201, 202, 203, 205, 206, 207, 208, 209, 210, 211, 214, 215, 216, 217, 218, 219, 224, 225, 226, 232, 233, 234, 235, 239, 240, 241, 256, 257, 258, 272, 273, 274, 278, 279, 291, 292, 293, 295, 296, 297, 299, 307, 316, 317, 318, 319, 320, 321, 322, 323, 330, 331, 332, 333, 336, 353, 354, 356, 357, 370, 372, 373, 386, 388, 391, 398, 399, 400, 401, 404], "excluded_lines": [], "start_line": 1}}}, "src/forge/adapters/guardkit/models.py": {"executed_lines": [], "summary": {"covered_lines": 0, "num_statements": 20, "percent_covered": 0.0, "percent_covered_display": "0", "missing_lines": 20, "excluded_lines": 0, "percent_statements_covered": 0.0, "percent_statements_covered_display": "0"}, "missing_lines": [19, 21, 23, 26, 35, 36, 37, 40, 57, 58, 59, 60, 61, 62, 63, 64, 65, 66, 67, 70], "excluded_lines": [], "functions": {"": {"executed_lines": [], "summary": {"covered_lines": 0, "num_statements": 20, "percent_covered": 0.0, "percent_covered_display": "0", "missing_lines": 20, "excluded_lines": 0, "percent_statements_covered": 0.0, "percent_statements_covered_display": "0"}, "missing_lines": [19, 21, 23, 26, 35, 36, 37, 40, 57, 58, 59, 60, 61, 62, 63, 64, 65, 66, 67, 70], "excluded_lines": [], "start_line": 1}}, "classes": {"GuardKitWarning": {"executed_lines": [], "summary": {"covered_lines": 0, "num_statements": 0, "percent_covered": 100.0, "percent_covered_display": "100", "missing_lines": 0, "excluded_lines": 0, "percent_statements_covered": 100.0, "percent_statements_covered_display": "100"}, "missing_lines": [], "excluded_lines": [], "start_line": 26}, "GuardKitResult": {"executed_lines": [], "summary": {"covered_lines": 0, "num_statements": 0, "percent_covered": 100.0, "percent_covered_display": "100", "missing_lines": 0, "excluded_lines": 0, "percent_statements_covered": 100.0, "percent_statements_covered_display": "100"}, "missing_lines": [], "excluded_lines": [], "start_line": 40}, "": {"executed_lines": [], "summary": {"covered_lines": 0, "num_statements": 20, "percent_covered": 0.0, "percent_covered_display": "0", "missing_lines": 20, "excluded_lines": 0, "percent_statements_covered": 0.0, "percent_statements_covered_display": "0"}, "missing_lines": [19, 21, 23, 26, 35, 36, 37, 40, 57, 58, 59, 60, 61, 62, 63, 64, 65, 66, 67, 70], "excluded_lines": [], "start_line": 1}}}, "src/forge/adapters/guardkit/parser.py": {"executed_lines": [], "summary": {"covered_lines": 0, "num_statements": 88, "percent_covered": 0.0, "percent_covered_display": "0", "missing_lines": 88, "excluded_lines": 9, "percent_statements_covered": 0.0, "percent_statements_covered_display": "0"}, "missing_lines": [24, 26, 27, 28, 30, 32, 37, 41, 42, 46, 50, 54, 58, 64, 105, 106, 109, 110, 111, 112, 114, 116, 117, 118, 119, 123, 124, 125, 130, 131, 136, 137, 142, 143, 144, 147, 148, 150, 170, 179, 180, 181, 182, 185, 187, 188, 189, 190, 191, 194, 196, 197, 198, 199, 202, 204, 205, 206, 207, 208, 209, 210, 214, 215, 216, 217, 218, 219, 220, 221, 224, 226, 227, 228, 229, 230, 231, 232, 233, 234, 235, 238, 239, 240, 241, 244, 246, 260], "excluded_lines": [126, 127, 128, 132, 133, 134, 138, 139, 140], "functions": {"parse_guardkit_output": {"executed_lines": [], "summary": {"covered_lines": 0, "num_statements": 24, "percent_covered": 0.0, "percent_covered_display": "0", "missing_lines": 24, "excluded_lines": 9, "percent_statements_covered": 0.0, "percent_statements_covered_display": "0"}, "missing_lines": [105, 106, 109, 110, 111, 112, 114, 116, 117, 118, 119, 123, 124, 125, 130, 131, 136, 137, 142, 143, 144, 147, 148, 150], "excluded_lines": [126, 127, 128, 132, 133, 134, 138, 139, 140], "start_line": 64}, "_tail_bytes": {"executed_lines": [], "summary": {"covered_lines": 0, "num_statements": 4, "percent_covered": 0.0, "percent_covered_display": "0", "missing_lines": 4, "excluded_lines": 0, "percent_statements_covered": 0.0, "percent_statements_covered_display": "0"}, "missing_lines": [179, 180, 181, 182], "excluded_lines": [], "start_line": 170}, "_extract_artefacts": {"executed_lines": [], "summary": {"covered_lines": 0, "num_statements": 5, "percent_covered": 0.0, "percent_covered_display": "0", "missing_lines": 5, "excluded_lines": 0, "percent_statements_covered": 0.0, "percent_statements_covered_display": "0"}, "missing_lines": [187, 188, 189, 190, 191], "excluded_lines": [], "start_line": 185}, "_extract_coach_score": {"executed_lines": [], "summary": {"covered_lines": 0, "num_statements": 4, "percent_covered": 0.0, "percent_covered_display": "0", "missing_lines": 4, "excluded_lines": 0, "percent_statements_covered": 0.0, "percent_statements_covered_display": "0"}, "missing_lines": [196, 197, 198, 199], "excluded_lines": [], "start_line": 194}, "_extract_criterion_breakdown": {"executed_lines": [], "summary": {"covered_lines": 0, "num_statements": 15, "percent_covered": 0.0, "percent_covered_display": "0", "missing_lines": 15, "excluded_lines": 0, "percent_statements_covered": 0.0, "percent_statements_covered_display": "0"}, "missing_lines": [204, 205, 206, 207, 208, 209, 210, 214, 215, 216, 217, 218, 219, 220, 221], "excluded_lines": [], "start_line": 202}, "_extract_detection_findings": {"executed_lines": [], "summary": {"covered_lines": 0, "num_statements": 14, "percent_covered": 0.0, "percent_covered_display": "0", "missing_lines": 14, "excluded_lines": 0, "percent_statements_covered": 0.0, "percent_statements_covered_display": "0"}, "missing_lines": [226, 227, 228, 229, 230, 231, 232, 233, 234, 235, 238, 239, 240, 241], "excluded_lines": [], "start_line": 224}, "_unrecognised_shape_warning": {"executed_lines": [], "summary": {"covered_lines": 0, "num_statements": 1, "percent_covered": 0.0, "percent_covered_display": "0", "missing_lines": 1, "excluded_lines": 0, "percent_statements_covered": 0.0, "percent_statements_covered_display": "0"}, "missing_lines": [246], "excluded_lines": [], "start_line": 244}, "": {"executed_lines": [], "summary": {"covered_lines": 0, "num_statements": 21, "percent_covered": 0.0, "percent_covered_display": "0", "missing_lines": 21, "excluded_lines": 0, "percent_statements_covered": 0.0, "percent_statements_covered_display": "0"}, "missing_lines": [24, 26, 27, 28, 30, 32, 37, 41, 42, 46, 50, 54, 58, 64, 170, 185, 194, 202, 224, 244, 260], "excluded_lines": [], "start_line": 1}}, "classes": {"": {"executed_lines": [], "summary": {"covered_lines": 0, "num_statements": 88, "percent_covered": 0.0, "percent_covered_display": "0", "missing_lines": 88, "excluded_lines": 9, "percent_statements_covered": 0.0, "percent_statements_covered_display": "0"}, "missing_lines": [24, 26, 27, 28, 30, 32, 37, 41, 42, 46, 50, 54, 58, 64, 105, 106, 109, 110, 111, 112, 114, 116, 117, 118, 119, 123, 124, 125, 130, 131, 136, 137, 142, 143, 144, 147, 148, 150, 170, 179, 180, 181, 182, 185, 187, 188, 189, 190, 191, 194, 196, 197, 198, 199, 202, 204, 205, 206, 207, 208, 209, 210, 214, 215, 216, 217, 218, 219, 220, 221, 224, 226, 227, 228, 229, 230, 231, 232, 233, 234, 235, 238, 239, 240, 241, 244, 246, 260], "excluded_lines": [126, 127, 128, 132, 133, 134, 138, 139, 140], "start_line": 1}}}, "src/forge/adapters/guardkit/progress.py": {"executed_lines": [], "summary": {"covered_lines": 0, "num_statements": 10, "percent_covered": 0.0, "percent_covered_display": "0", "missing_lines": 10, "excluded_lines": 0, "percent_statements_covered": 0.0, "percent_statements_covered_display": "0"}, "missing_lines": [26, 28, 31, 42, 46, 50, 54, 58, 62, 66], "excluded_lines": [], "functions": {"": {"executed_lines": [], "summary": {"covered_lines": 0, "num_statements": 10, "percent_covered": 0.0, "percent_covered_display": "0", "missing_lines": 10, "excluded_lines": 0, "percent_statements_covered": 0.0, "percent_statements_covered_display": "0"}, "missing_lines": [26, 28, 31, 42, 46, 50, 54, 58, 62, 66], "excluded_lines": [], "start_line": 1}}, "classes": {"GuardKitProgressEvent": {"executed_lines": [], "summary": {"covered_lines": 0, "num_statements": 0, "percent_covered": 100.0, "percent_covered_display": "100", "missing_lines": 0, "excluded_lines": 0, "percent_statements_covered": 100.0, "percent_statements_covered_display": "100"}, "missing_lines": [], "excluded_lines": [], "start_line": 31}, "": {"executed_lines": [], "summary": {"covered_lines": 0, "num_statements": 10, "percent_covered": 0.0, "percent_covered_display": "0", "missing_lines": 10, "excluded_lines": 0, "percent_statements_covered": 0.0, "percent_statements_covered_display": "0"}, "missing_lines": [26, 28, 31, 42, 46, 50, 54, 58, 62, 66], "excluded_lines": [], "start_line": 1}}}, "src/forge/adapters/guardkit/progress_subscriber.py": {"executed_lines": [], "summary": {"covered_lines": 0, "num_statements": 90, "percent_covered": 0.0, "percent_covered_display": "0", "missing_lines": 90, "excluded_lines": 12, "percent_statements_covered": 0.0, "percent_statements_covered_display": "0"}, "missing_lines": [40, 42, 43, 44, 45, 46, 56, 57, 59, 61, 71, 78, 83, 88, 96, 97, 113, 114, 115, 116, 119, 120, 131, 132, 152, 174, 176, 177, 178, 179, 180, 181, 187, 194, 195, 196, 197, 198, 199, 201, 214, 227, 230, 231, 232, 233, 235, 242, 243, 244, 245, 247, 248, 250, 258, 270, 271, 272, 273, 274, 282, 283, 327, 328, 337, 343, 344, 346, 348, 355, 356, 357, 358, 364, 370, 371, 376, 377, 378, 379, 385, 391, 392, 397, 398, 400, 401, 402, 406, 415], "excluded_lines": [127, 128, 129, 130, 140, 141, 142, 143, 144, 145, 146, 147], "functions": {"_SubscriptionLike.unsubscribe": {"executed_lines": [], "summary": {"covered_lines": 0, "num_statements": 0, "percent_covered": 100.0, "percent_covered_display": "100", "missing_lines": 0, "excluded_lines": 1, "percent_statements_covered": 100.0, "percent_statements_covered_display": "100"}, "missing_lines": [], "excluded_lines": [128], "start_line": 127}, "_NATSSubscribeClient.subscribe": {"executed_lines": [], "summary": {"covered_lines": 0, "num_statements": 0, "percent_covered": 100.0, "percent_covered_display": "100", "missing_lines": 0, "excluded_lines": 1, "percent_statements_covered": 100.0, "percent_statements_covered_display": "100"}, "missing_lines": [], "excluded_lines": [144], "start_line": 140}, "ProgressSink.__init__": {"executed_lines": [], "summary": {"covered_lines": 0, "num_statements": 5, "percent_covered": 0.0, "percent_covered_display": "0", "missing_lines": 5, "excluded_lines": 0, "percent_statements_covered": 0.0, "percent_statements_covered_display": "0"}, "missing_lines": [177, 178, 179, 180, 181], "excluded_lines": [], "start_line": 176}, "ProgressSink.record": {"executed_lines": [], "summary": {"covered_lines": 0, "num_statements": 6, "percent_covered": 0.0, "percent_covered_display": "0", "missing_lines": 6, "excluded_lines": 0, "percent_statements_covered": 0.0, "percent_statements_covered_display": "0"}, "missing_lines": [194, 195, 196, 197, 198, 199], "excluded_lines": [], "start_line": 187}, "ProgressSink.warn": {"executed_lines": [], "summary": {"covered_lines": 0, "num_statements": 1, "percent_covered": 0.0, "percent_covered_display": "0", "missing_lines": 1, "excluded_lines": 0, "percent_statements_covered": 0.0, "percent_statements_covered_display": "0"}, "missing_lines": [214], "excluded_lines": [], "start_line": 201}, "ProgressSink.latest": {"executed_lines": [], "summary": {"covered_lines": 0, "num_statements": 4, "percent_covered": 0.0, "percent_covered_display": "0", "missing_lines": 4, "excluded_lines": 0, "percent_statements_covered": 0.0, "percent_statements_covered_display": "0"}, "missing_lines": [230, 231, 232, 233], "excluded_lines": [], "start_line": 227}, "ProgressSink.all_for": {"executed_lines": [], "summary": {"covered_lines": 0, "num_statements": 4, "percent_covered": 0.0, "percent_covered_display": "0", "missing_lines": 4, "excluded_lines": 0, "percent_statements_covered": 0.0, "percent_statements_covered_display": "0"}, "missing_lines": [242, 243, 244, 245], "excluded_lines": [], "start_line": 235}, "ProgressSink.warnings": {"executed_lines": [], "summary": {"covered_lines": 0, "num_statements": 1, "percent_covered": 0.0, "percent_covered_display": "0", "missing_lines": 1, "excluded_lines": 0, "percent_statements_covered": 0.0, "percent_statements_covered_display": "0"}, "missing_lines": [250], "excluded_lines": [], "start_line": 248}, "subject_for": {"executed_lines": [], "summary": {"covered_lines": 0, "num_statements": 5, "percent_covered": 0.0, "percent_covered_display": "0", "missing_lines": 5, "excluded_lines": 0, "percent_statements_covered": 0.0, "percent_statements_covered_display": "0"}, "missing_lines": [270, 271, 272, 273, 274], "excluded_lines": [], "start_line": 258}, "subscribe_progress": {"executed_lines": [], "summary": {"covered_lines": 0, "num_statements": 20, "percent_covered": 0.0, "percent_covered_display": "0", "missing_lines": 20, "excluded_lines": 0, "percent_statements_covered": 0.0, "percent_statements_covered_display": "0"}, "missing_lines": [327, 328, 337, 343, 344, 346, 348, 376, 377, 378, 379, 385, 391, 392, 397, 398, 400, 401, 402, 406], "excluded_lines": [], "start_line": 283}, "subscribe_progress._on_envelope": {"executed_lines": [], "summary": {"covered_lines": 0, "num_statements": 7, "percent_covered": 0.0, "percent_covered_display": "0", "missing_lines": 7, "excluded_lines": 0, "percent_statements_covered": 0.0, "percent_statements_covered_display": "0"}, "missing_lines": [355, 356, 357, 358, 364, 370, 371], "excluded_lines": [], "start_line": 348}, "": {"executed_lines": [], "summary": {"covered_lines": 0, "num_statements": 37, "percent_covered": 0.0, "percent_covered_display": "0", "missing_lines": 37, "excluded_lines": 10, "percent_statements_covered": 0.0, "percent_statements_covered_display": "0"}, "missing_lines": [40, 42, 43, 44, 45, 46, 56, 57, 59, 61, 71, 78, 83, 88, 96, 97, 113, 114, 115, 116, 119, 120, 131, 132, 152, 174, 176, 187, 201, 227, 235, 247, 248, 258, 282, 283, 415], "excluded_lines": [127, 129, 130, 140, 141, 142, 143, 145, 146, 147], "start_line": 1}}, "classes": {"ProgressSinkWarning": {"executed_lines": [], "summary": {"covered_lines": 0, "num_statements": 0, "percent_covered": 100.0, "percent_covered_display": "100", "missing_lines": 0, "excluded_lines": 0, "percent_statements_covered": 100.0, "percent_statements_covered_display": "100"}, "missing_lines": [], "excluded_lines": [], "start_line": 97}, "_SubscriptionLike": {"executed_lines": [], "summary": {"covered_lines": 0, "num_statements": 0, "percent_covered": 100.0, "percent_covered_display": "100", "missing_lines": 0, "excluded_lines": 1, "percent_statements_covered": 100.0, "percent_statements_covered_display": "100"}, "missing_lines": [], "excluded_lines": [128], "start_line": 120}, "_NATSSubscribeClient": {"executed_lines": [], "summary": {"covered_lines": 0, "num_statements": 0, "percent_covered": 100.0, "percent_covered_display": "100", "missing_lines": 0, "excluded_lines": 1, "percent_statements_covered": 100.0, "percent_statements_covered_display": "100"}, "missing_lines": [], "excluded_lines": [144], "start_line": 132}, "ProgressSink": {"executed_lines": [], "summary": {"covered_lines": 0, "num_statements": 21, "percent_covered": 0.0, "percent_covered_display": "0", "missing_lines": 21, "excluded_lines": 0, "percent_statements_covered": 0.0, "percent_statements_covered_display": "0"}, "missing_lines": [177, 178, 179, 180, 181, 194, 195, 196, 197, 198, 199, 214, 230, 231, 232, 233, 242, 243, 244, 245, 250], "excluded_lines": [], "start_line": 152}, "": {"executed_lines": [], "summary": {"covered_lines": 0, "num_statements": 69, "percent_covered": 0.0, "percent_covered_display": "0", "missing_lines": 69, "excluded_lines": 10, "percent_statements_covered": 0.0, "percent_statements_covered_display": "0"}, "missing_lines": [40, 42, 43, 44, 45, 46, 56, 57, 59, 61, 71, 78, 83, 88, 96, 97, 113, 114, 115, 116, 119, 120, 131, 132, 152, 174, 176, 187, 201, 227, 235, 247, 248, 258, 270, 271, 272, 273, 274, 282, 283, 327, 328, 337, 343, 344, 346, 348, 355, 356, 357, 358, 364, 370, 371, 376, 377, 378, 379, 385, 391, 392, 397, 398, 400, 401, 402, 406, 415], "excluded_lines": [127, 129, 130, 140, 141, 142, 143, 145, 146, 147], "start_line": 1}}}, "src/forge/adapters/guardkit/run.py": {"executed_lines": [], "summary": {"covered_lines": 0, "num_statements": 89, "percent_covered": 0.0, "percent_covered_display": "0", "missing_lines": 89, "excluded_lines": 0, "percent_statements_covered": 0.0, "percent_statements_covered_display": "0"}, "missing_lines": [36, 38, 39, 40, 41, 43, 44, 45, 47, 55, 56, 57, 58, 66, 85, 86, 92, 93, 96, 97, 99, 100, 101, 104, 105, 106, 107, 108, 110, 111, 112, 113, 114, 115, 116, 118, 119, 120, 134, 188, 189, 191, 196, 197, 207, 208, 209, 212, 223, 224, 225, 226, 229, 232, 244, 245, 248, 249, 250, 252, 253, 261, 262, 269, 272, 285, 295, 305, 306, 309, 311, 315, 317, 318, 319, 330, 346, 353, 354, 355, 356, 359, 366, 367, 368, 369, 372, 380, 399], "excluded_lines": [], "functions": {"_execute_subprocess": {"executed_lines": [], "summary": {"covered_lines": 0, "num_statements": 24, "percent_covered": 0.0, "percent_covered_display": "0", "missing_lines": 24, "excluded_lines": 0, "percent_statements_covered": 0.0, "percent_statements_covered_display": "0"}, "missing_lines": [85, 86, 92, 93, 96, 97, 99, 100, 101, 104, 105, 106, 107, 108, 110, 111, 112, 113, 114, 115, 116, 118, 119, 120], "excluded_lines": [], "start_line": 66}, "run": {"executed_lines": [], "summary": {"covered_lines": 0, "num_statements": 37, "percent_covered": 0.0, "percent_covered_display": "0", "missing_lines": 37, "excluded_lines": 0, "percent_statements_covered": 0.0, "percent_statements_covered_display": "0"}, "missing_lines": [188, 189, 191, 196, 197, 207, 208, 209, 212, 223, 224, 225, 226, 229, 232, 244, 245, 248, 249, 250, 252, 253, 261, 262, 269, 272, 285, 295, 305, 306, 309, 311, 315, 317, 318, 319, 330], "excluded_lines": [], "start_line": 134}, "_is_graphiti_subcommand": {"executed_lines": [], "summary": {"covered_lines": 0, "num_statements": 4, "percent_covered": 0.0, "percent_covered_display": "0", "missing_lines": 4, "excluded_lines": 0, "percent_statements_covered": 0.0, "percent_statements_covered_display": "0"}, "missing_lines": [353, 354, 355, 356], "excluded_lines": [], "start_line": 346}, "_is_within": {"executed_lines": [], "summary": {"covered_lines": 0, "num_statements": 4, "percent_covered": 0.0, "percent_covered_display": "0", "missing_lines": 4, "excluded_lines": 0, "percent_statements_covered": 0.0, "percent_statements_covered_display": "0"}, "missing_lines": [366, 367, 368, 369], "excluded_lines": [], "start_line": 359}, "_refused_cwd_result": {"executed_lines": [], "summary": {"covered_lines": 0, "num_statements": 1, "percent_covered": 0.0, "percent_covered_display": "0", "missing_lines": 1, "excluded_lines": 0, "percent_statements_covered": 0.0, "percent_statements_covered_display": "0"}, "missing_lines": [380], "excluded_lines": [], "start_line": 372}, "": {"executed_lines": [], "summary": {"covered_lines": 0, "num_statements": 19, "percent_covered": 0.0, "percent_covered_display": "0", "missing_lines": 19, "excluded_lines": 0, "percent_statements_covered": 0.0, "percent_statements_covered_display": "0"}, "missing_lines": [36, 38, 39, 40, 41, 43, 44, 45, 47, 55, 56, 57, 58, 66, 134, 346, 359, 372, 399], "excluded_lines": [], "start_line": 1}}, "classes": {"": {"executed_lines": [], "summary": {"covered_lines": 0, "num_statements": 89, "percent_covered": 0.0, "percent_covered_display": "0", "missing_lines": 89, "excluded_lines": 0, "percent_statements_covered": 0.0, "percent_statements_covered_display": "0"}, "missing_lines": [36, 38, 39, 40, 41, 43, 44, 45, 47, 55, 56, 57, 58, 66, 85, 86, 92, 93, 96, 97, 99, 100, 101, 104, 105, 106, 107, 108, 110, 111, 112, 113, 114, 115, 116, 118, 119, 120, 134, 188, 189, 191, 196, 197, 207, 208, 209, 212, 223, 224, 225, 226, 229, 232, 244, 245, 248, 249, 250, 252, 253, 261, 262, 269, 272, 285, 295, 305, 306, 309, 311, 315, 317, 318, 319, 330, 346, 353, 354, 355, 356, 359, 366, 367, 368, 369, 372, 380, 399], "excluded_lines": [], "start_line": 1}}}, "src/forge/adapters/langgraph/__init__.py": {"executed_lines": [41, 43, 45, 51, 54, 150], "summary": {"covered_lines": 6, "num_statements": 14, "percent_covered": 42.857142857142854, "percent_covered_display": "43", "missing_lines": 8, "excluded_lines": 0, "percent_statements_covered": 42.857142857142854, "percent_statements_covered_display": "43"}, "missing_lines": [127, 128, 136, 137, 141, 142, 143, 144], "excluded_lines": [], "functions": {"resume_value_as": {"executed_lines": [], "summary": {"covered_lines": 0, "num_statements": 8, "percent_covered": 0.0, "percent_covered_display": "0", "missing_lines": 8, "excluded_lines": 0, "percent_statements_covered": 0.0, "percent_statements_covered_display": "0"}, "missing_lines": [127, 128, 136, 137, 141, 142, 143, 144], "excluded_lines": [], "start_line": 54}, "": {"executed_lines": [41, 43, 45, 51, 54, 150], "summary": {"covered_lines": 6, "num_statements": 6, "percent_covered": 100.0, "percent_covered_display": "100", "missing_lines": 0, "excluded_lines": 0, "percent_statements_covered": 100.0, "percent_statements_covered_display": "100"}, "missing_lines": [], "excluded_lines": [], "start_line": 1}}, "classes": {"": {"executed_lines": [41, 43, 45, 51, 54, 150], "summary": {"covered_lines": 6, "num_statements": 14, "percent_covered": 42.857142857142854, "percent_covered_display": "43", "missing_lines": 8, "excluded_lines": 0, "percent_statements_covered": 42.857142857142854, "percent_statements_covered_display": "43"}, "missing_lines": [127, 128, 136, 137, 141, 142, 143, 144], "excluded_lines": [], "start_line": 1}}}, "src/forge/adapters/nats/__init__.py": {"executed_lines": [17, 22, 31, 35, 40], "summary": {"covered_lines": 5, "num_statements": 5, "percent_covered": 100.0, "percent_covered_display": "100", "missing_lines": 0, "excluded_lines": 0, "percent_statements_covered": 100.0, "percent_statements_covered_display": "100"}, "missing_lines": [], "excluded_lines": [], "functions": {"": {"executed_lines": [17, 22, 31, 35, 40], "summary": {"covered_lines": 5, "num_statements": 5, "percent_covered": 100.0, "percent_covered_display": "100", "missing_lines": 0, "excluded_lines": 0, "percent_statements_covered": 100.0, "percent_statements_covered_display": "100"}, "missing_lines": [], "excluded_lines": [], "start_line": 1}}, "classes": {"": {"executed_lines": [17, 22, 31, 35, 40], "summary": {"covered_lines": 5, "num_statements": 5, "percent_covered": 100.0, "percent_covered_display": "100", "missing_lines": 0, "excluded_lines": 0, "percent_statements_covered": 100.0, "percent_statements_covered_display": "100"}, "missing_lines": [], "excluded_lines": [], "start_line": 1}}}, "src/forge/adapters/nats/approval_publisher.py": {"executed_lines": [34, 36, 37, 39, 41, 46, 51, 55, 59, 64, 67, 83, 98, 109, 179, 238, 257, 270, 298], "summary": {"covered_lines": 19, "num_statements": 58, "percent_covered": 32.758620689655174, "percent_covered_display": "33", "missing_lines": 39, "excluded_lines": 2, "percent_statements_covered": 32.758620689655174, "percent_statements_covered_display": "33"}, "missing_lines": [99, 100, 101, 149, 211, 213, 214, 215, 216, 217, 218, 219, 220, 221, 225, 230, 263, 264, 285, 290, 291, 292, 324, 325, 326, 327, 332, 334, 335, 336, 341, 343, 346, 348, 349, 350, 356, 361, 363], "excluded_lines": [43, 44], "functions": {"ApprovalPublishError.__init__": {"executed_lines": [], "summary": {"covered_lines": 0, "num_statements": 3, "percent_covered": 0.0, "percent_covered_display": "0", "missing_lines": 3, "excluded_lines": 0, "percent_statements_covered": 0.0, "percent_statements_covered_display": "0"}, "missing_lines": [99, 100, 101], "excluded_lines": [], "start_line": 98}, "_build_approval_details": {"executed_lines": [], "summary": {"covered_lines": 0, "num_statements": 1, "percent_covered": 0.0, "percent_covered_display": "0", "missing_lines": 1, "excluded_lines": 0, "percent_statements_covered": 0.0, "percent_statements_covered_display": "0"}, "missing_lines": [149], "excluded_lines": [], "start_line": 109}, "_derive_risk_level": {"executed_lines": [], "summary": {"covered_lines": 0, "num_statements": 12, "percent_covered": 0.0, "percent_covered_display": "0", "missing_lines": 12, "excluded_lines": 0, "percent_statements_covered": 0.0, "percent_statements_covered_display": "0"}, "missing_lines": [211, 213, 214, 215, 216, 217, 218, 219, 220, 221, 225, 230], "excluded_lines": [], "start_line": 179}, "ApprovalPublisher.__init__": {"executed_lines": [], "summary": {"covered_lines": 0, "num_statements": 2, "percent_covered": 0.0, "percent_covered_display": "0", "missing_lines": 2, "excluded_lines": 0, "percent_statements_covered": 0.0, "percent_statements_covered_display": "0"}, "missing_lines": [263, 264], "excluded_lines": [], "start_line": 257}, "ApprovalPublisher._subject_for": {"executed_lines": [], "summary": {"covered_lines": 0, "num_statements": 4, "percent_covered": 0.0, "percent_covered_display": "0", "missing_lines": 4, "excluded_lines": 0, "percent_statements_covered": 0.0, "percent_statements_covered_display": "0"}, "missing_lines": [285, 290, 291, 292], "excluded_lines": [], "start_line": 270}, "ApprovalPublisher.publish_request": {"executed_lines": [], "summary": {"covered_lines": 0, "num_statements": 17, "percent_covered": 0.0, "percent_covered_display": "0", "missing_lines": 17, "excluded_lines": 0, "percent_statements_covered": 0.0, "percent_statements_covered_display": "0"}, "missing_lines": [324, 325, 326, 327, 332, 334, 335, 336, 341, 343, 346, 348, 349, 350, 356, 361, 363], "excluded_lines": [], "start_line": 298}, "": {"executed_lines": [34, 36, 37, 39, 41, 46, 51, 55, 59, 64, 67, 83, 98, 109, 179, 238, 257, 270, 298], "summary": {"covered_lines": 19, "num_statements": 19, "percent_covered": 100.0, "percent_covered_display": "100", "missing_lines": 0, "excluded_lines": 2, "percent_statements_covered": 100.0, "percent_statements_covered_display": "100"}, "missing_lines": [], "excluded_lines": [43, 44], "start_line": 1}}, "classes": {"ApprovalPublishError": {"executed_lines": [], "summary": {"covered_lines": 0, "num_statements": 3, "percent_covered": 0.0, "percent_covered_display": "0", "missing_lines": 3, "excluded_lines": 0, "percent_statements_covered": 0.0, "percent_statements_covered_display": "0"}, "missing_lines": [99, 100, 101], "excluded_lines": [], "start_line": 83}, "ApprovalPublisher": {"executed_lines": [], "summary": {"covered_lines": 0, "num_statements": 23, "percent_covered": 0.0, "percent_covered_display": "0", "missing_lines": 23, "excluded_lines": 0, "percent_statements_covered": 0.0, "percent_statements_covered_display": "0"}, "missing_lines": [263, 264, 285, 290, 291, 292, 324, 325, 326, 327, 332, 334, 335, 336, 341, 343, 346, 348, 349, 350, 356, 361, 363], "excluded_lines": [], "start_line": 238}, "": {"executed_lines": [34, 36, 37, 39, 41, 46, 51, 55, 59, 64, 67, 83, 98, 109, 179, 238, 257, 270, 298], "summary": {"covered_lines": 19, "num_statements": 32, "percent_covered": 59.375, "percent_covered_display": "59", "missing_lines": 13, "excluded_lines": 2, "percent_statements_covered": 59.375, "percent_statements_covered_display": "59"}, "missing_lines": [149, 211, 213, 214, 215, 216, 217, 218, 219, 220, 221, 225, 230], "excluded_lines": [43, 44], "start_line": 1}}}, "src/forge/adapters/nats/approval_subscriber.py": {"executed_lines": [43, 45, 46, 47, 48, 49, 50, 52, 53, 54, 55, 57, 58, 60, 69, 74, 78, 85, 86, 93, 94, 106, 109, 113, 114, 121, 122, 144, 155, 176, 177, 210, 211, 212, 213, 214, 215, 216, 224, 238, 261, 262, 287, 308, 323, 497, 597], "summary": {"covered_lines": 47, "num_statements": 143, "percent_covered": 32.86713286713287, "percent_covered_display": "33", "missing_lines": 96, "excluded_lines": 17, "percent_statements_covered": 32.86713286713287, "percent_statements_covered_display": "33"}, "missing_lines": [110, 162, 166, 167, 168, 239, 244, 250, 255, 276, 277, 278, 279, 280, 281, 300, 301, 302, 303, 304, 305, 306, 315, 316, 317, 367, 368, 369, 370, 371, 372, 376, 381, 383, 389, 390, 392, 393, 394, 396, 397, 399, 401, 402, 403, 404, 405, 406, 413, 415, 416, 417, 418, 419, 421, 422, 429, 437, 438, 443, 444, 445, 448, 456, 462, 473, 478, 480, 481, 482, 483, 487, 522, 523, 524, 525, 526, 528, 529, 530, 531, 538, 546, 552, 553, 554, 563, 566, 567, 568, 575, 578, 579, 586, 592, 594], "excluded_lines": [102, 103, 104, 105, 117, 118, 119, 120, 131, 132, 133, 134, 135, 136, 137, 138, 139], "functions": {"Clock.monotonic": {"executed_lines": [], "summary": {"covered_lines": 0, "num_statements": 0, "percent_covered": 100.0, "percent_covered_display": "100", "missing_lines": 0, "excluded_lines": 1, "percent_statements_covered": 100.0, "percent_statements_covered_display": "100"}, "missing_lines": [], "excluded_lines": [103], "start_line": 102}, "_MonotonicClock.monotonic": {"executed_lines": [], "summary": {"covered_lines": 0, "num_statements": 1, "percent_covered": 0.0, "percent_covered_display": "0", "missing_lines": 1, "excluded_lines": 0, "percent_statements_covered": 0.0, "percent_statements_covered_display": "0"}, "missing_lines": [110], "excluded_lines": [], "start_line": 109}, "_SubscriptionLike.unsubscribe": {"executed_lines": [], "summary": {"covered_lines": 0, "num_statements": 0, "percent_covered": 100.0, "percent_covered_display": "100", "missing_lines": 0, "excluded_lines": 1, "percent_statements_covered": 100.0, "percent_statements_covered_display": "100"}, "missing_lines": [], "excluded_lines": [118], "start_line": 117}, "_NATSSubscribeClient.subscribe": {"executed_lines": [], "summary": {"covered_lines": 0, "num_statements": 0, "percent_covered": 100.0, "percent_covered_display": "100", "missing_lines": 0, "excluded_lines": 1, "percent_statements_covered": 100.0, "percent_statements_covered_display": "100"}, "missing_lines": [], "excluded_lines": [136], "start_line": 131}, "InvalidDecisionError.__init__": {"executed_lines": [], "summary": {"covered_lines": 0, "num_statements": 4, "percent_covered": 0.0, "percent_covered_display": "0", "missing_lines": 4, "excluded_lines": 0, "percent_statements_covered": 0.0, "percent_statements_covered_display": "0"}, "missing_lines": [162, 166, 167, 168], "excluded_lines": [], "start_line": 155}, "ApprovalSubscriber.__init__": {"executed_lines": [], "summary": {"covered_lines": 0, "num_statements": 4, "percent_covered": 0.0, "percent_covered_display": "0", "missing_lines": 4, "excluded_lines": 0, "percent_statements_covered": 0.0, "percent_statements_covered_display": "0"}, "missing_lines": [239, 244, 250, 255], "excluded_lines": [], "start_line": 238}, "ApprovalSubscriber._subject_for": {"executed_lines": [], "summary": {"covered_lines": 0, "num_statements": 6, "percent_covered": 0.0, "percent_covered_display": "0", "missing_lines": 6, "excluded_lines": 0, "percent_statements_covered": 0.0, "percent_statements_covered_display": "0"}, "missing_lines": [276, 277, 278, 279, 280, 281], "excluded_lines": [], "start_line": 262}, "ApprovalSubscriber._check_and_record": {"executed_lines": [], "summary": {"covered_lines": 0, "num_statements": 7, "percent_covered": 0.0, "percent_covered_display": "0", "missing_lines": 7, "excluded_lines": 0, "percent_statements_covered": 0.0, "percent_statements_covered_display": "0"}, "missing_lines": [300, 301, 302, 303, 304, 305, 306], "excluded_lines": [], "start_line": 287}, "ApprovalSubscriber._evict_expired": {"executed_lines": [], "summary": {"covered_lines": 0, "num_statements": 3, "percent_covered": 0.0, "percent_covered_display": "0", "missing_lines": 3, "excluded_lines": 0, "percent_statements_covered": 0.0, "percent_statements_covered_display": "0"}, "missing_lines": [315, 316, 317], "excluded_lines": [], "start_line": 308}, "ApprovalSubscriber.await_response": {"executed_lines": [], "summary": {"covered_lines": 0, "num_statements": 46, "percent_covered": 0.0, "percent_covered_display": "0", "missing_lines": 46, "excluded_lines": 0, "percent_statements_covered": 0.0, "percent_statements_covered_display": "0"}, "missing_lines": [367, 368, 369, 370, 371, 372, 376, 381, 383, 389, 390, 392, 393, 394, 396, 399, 401, 402, 403, 404, 405, 406, 413, 415, 416, 417, 418, 419, 421, 422, 429, 437, 438, 443, 444, 445, 448, 456, 462, 473, 478, 480, 481, 482, 483, 487], "excluded_lines": [], "start_line": 323}, "ApprovalSubscriber.await_response._callback": {"executed_lines": [], "summary": {"covered_lines": 0, "num_statements": 1, "percent_covered": 0.0, "percent_covered_display": "0", "missing_lines": 1, "excluded_lines": 0, "percent_statements_covered": 0.0, "percent_statements_covered_display": "0"}, "missing_lines": [397], "excluded_lines": [], "start_line": 396}, "ApprovalSubscriber._on_envelope": {"executed_lines": [], "summary": {"covered_lines": 0, "num_statements": 24, "percent_covered": 0.0, "percent_covered_display": "0", "missing_lines": 24, "excluded_lines": 0, "percent_statements_covered": 0.0, "percent_statements_covered_display": "0"}, "missing_lines": [522, 523, 524, 525, 526, 528, 529, 530, 531, 538, 546, 552, 553, 554, 563, 566, 567, 568, 575, 578, 579, 586, 592, 594], "excluded_lines": [], "start_line": 497}, "": {"executed_lines": [43, 45, 46, 47, 48, 49, 50, 52, 53, 54, 55, 57, 58, 60, 69, 74, 78, 85, 86, 93, 94, 106, 109, 113, 114, 121, 122, 144, 155, 176, 177, 210, 211, 212, 213, 214, 215, 216, 224, 238, 261, 262, 287, 308, 323, 497, 597], "summary": {"covered_lines": 47, "num_statements": 47, "percent_covered": 100.0, "percent_covered_display": "100", "missing_lines": 0, "excluded_lines": 14, "percent_statements_covered": 100.0, "percent_statements_covered_display": "100"}, "missing_lines": [], "excluded_lines": [102, 104, 105, 117, 119, 120, 131, 132, 133, 134, 135, 137, 138, 139], "start_line": 1}}, "classes": {"Clock": {"executed_lines": [], "summary": {"covered_lines": 0, "num_statements": 0, "percent_covered": 100.0, "percent_covered_display": "100", "missing_lines": 0, "excluded_lines": 1, "percent_statements_covered": 100.0, "percent_statements_covered_display": "100"}, "missing_lines": [], "excluded_lines": [103], "start_line": 94}, "_MonotonicClock": {"executed_lines": [], "summary": {"covered_lines": 0, "num_statements": 1, "percent_covered": 0.0, "percent_covered_display": "0", "missing_lines": 1, "excluded_lines": 0, "percent_statements_covered": 0.0, "percent_statements_covered_display": "0"}, "missing_lines": [110], "excluded_lines": [], "start_line": 106}, "_SubscriptionLike": {"executed_lines": [], "summary": {"covered_lines": 0, "num_statements": 0, "percent_covered": 100.0, "percent_covered_display": "100", "missing_lines": 0, "excluded_lines": 1, "percent_statements_covered": 100.0, "percent_statements_covered_display": "100"}, "missing_lines": [], "excluded_lines": [118], "start_line": 114}, "_NATSSubscribeClient": {"executed_lines": [], "summary": {"covered_lines": 0, "num_statements": 0, "percent_covered": 100.0, "percent_covered_display": "100", "missing_lines": 0, "excluded_lines": 1, "percent_statements_covered": 100.0, "percent_statements_covered_display": "100"}, "missing_lines": [], "excluded_lines": [136], "start_line": 122}, "InvalidDecisionError": {"executed_lines": [], "summary": {"covered_lines": 0, "num_statements": 4, "percent_covered": 0.0, "percent_covered_display": "0", "missing_lines": 4, "excluded_lines": 0, "percent_statements_covered": 0.0, "percent_statements_covered_display": "0"}, "missing_lines": [162, 166, 167, 168], "excluded_lines": [], "start_line": 144}, "ApprovalSubscriberDeps": {"executed_lines": [], "summary": {"covered_lines": 0, "num_statements": 0, "percent_covered": 100.0, "percent_covered_display": "100", "missing_lines": 0, "excluded_lines": 0, "percent_statements_covered": 100.0, "percent_statements_covered_display": "100"}, "missing_lines": [], "excluded_lines": [], "start_line": 177}, "ApprovalSubscriber": {"executed_lines": [], "summary": {"covered_lines": 0, "num_statements": 91, "percent_covered": 0.0, "percent_covered_display": "0", "missing_lines": 91, "excluded_lines": 0, "percent_statements_covered": 0.0, "percent_statements_covered_display": "0"}, "missing_lines": [239, 244, 250, 255, 276, 277, 278, 279, 280, 281, 300, 301, 302, 303, 304, 305, 306, 315, 316, 317, 367, 368, 369, 370, 371, 372, 376, 381, 383, 389, 390, 392, 393, 394, 396, 397, 399, 401, 402, 403, 404, 405, 406, 413, 415, 416, 417, 418, 419, 421, 422, 429, 437, 438, 443, 444, 445, 448, 456, 462, 473, 478, 480, 481, 482, 483, 487, 522, 523, 524, 525, 526, 528, 529, 530, 531, 538, 546, 552, 553, 554, 563, 566, 567, 568, 575, 578, 579, 586, 592, 594], "excluded_lines": [], "start_line": 224}, "": {"executed_lines": [43, 45, 46, 47, 48, 49, 50, 52, 53, 54, 55, 57, 58, 60, 69, 74, 78, 85, 86, 93, 94, 106, 109, 113, 114, 121, 122, 144, 155, 176, 177, 210, 211, 212, 213, 214, 215, 216, 224, 238, 261, 262, 287, 308, 323, 497, 597], "summary": {"covered_lines": 47, "num_statements": 47, "percent_covered": 100.0, "percent_covered_display": "100", "missing_lines": 0, "excluded_lines": 14, "percent_statements_covered": 100.0, "percent_statements_covered_display": "100"}, "missing_lines": [], "excluded_lines": [102, 104, 105, 117, 119, 120, 131, 132, 133, 134, 135, 137, 138, 139], "start_line": 1}}}, "src/forge/adapters/nats/fleet_publisher.py": {"executed_lines": [27, 29, 30, 31, 32, 34, 36, 37, 42, 47, 51, 53, 71, 72, 81, 85, 89, 94, 95, 103, 107, 112, 120, 124, 134, 181, 201, 230, 313], "summary": {"covered_lines": 29, "num_statements": 71, "percent_covered": 40.84507042253521, "percent_covered_display": "41", "missing_lines": 42, "excluded_lines": 14, "percent_statements_covered": 40.84507042253521, "percent_statements_covered_display": "41"}, "missing_lines": [122, 126, 164, 165, 167, 198, 218, 219, 220, 223, 266, 267, 269, 275, 277, 278, 283, 284, 287, 291, 292, 297, 302, 303, 305, 334, 335, 337, 338, 342, 346, 347, 348, 350, 351, 352, 353, 354, 356, 357, 358, 362], "excluded_lines": [39, 40, 83, 84, 87, 88, 91, 92, 93, 105, 106, 109, 110, 111], "functions": {"StatusProvider.get_current_status": {"executed_lines": [], "summary": {"covered_lines": 0, "num_statements": 0, "percent_covered": 100.0, "percent_covered_display": "100", "missing_lines": 0, "excluded_lines": 1, "percent_statements_covered": 100.0, "percent_statements_covered_display": "100"}, "missing_lines": [], "excluded_lines": [83], "start_line": 81}, "StatusProvider.get_active_tasks": {"executed_lines": [], "summary": {"covered_lines": 0, "num_statements": 0, "percent_covered": 100.0, "percent_covered_display": "100", "missing_lines": 0, "excluded_lines": 1, "percent_statements_covered": 100.0, "percent_statements_covered_display": "100"}, "missing_lines": [], "excluded_lines": [87], "start_line": 85}, "StatusProvider.get_queue_depth": {"executed_lines": [], "summary": {"covered_lines": 0, "num_statements": 0, "percent_covered": 100.0, "percent_covered_display": "100", "missing_lines": 0, "excluded_lines": 1, "percent_statements_covered": 100.0, "percent_statements_covered_display": "100"}, "missing_lines": [], "excluded_lines": [91], "start_line": 89}, "Clock.monotonic": {"executed_lines": [], "summary": {"covered_lines": 0, "num_statements": 0, "percent_covered": 100.0, "percent_covered_display": "100", "missing_lines": 0, "excluded_lines": 1, "percent_statements_covered": 100.0, "percent_statements_covered_display": "100"}, "missing_lines": [], "excluded_lines": [105], "start_line": 103}, "Clock.sleep": {"executed_lines": [], "summary": {"covered_lines": 0, "num_statements": 0, "percent_covered": 100.0, "percent_covered_display": "100", "missing_lines": 0, "excluded_lines": 1, "percent_statements_covered": 100.0, "percent_statements_covered_display": "100"}, "missing_lines": [], "excluded_lines": [109], "start_line": 107}, "MonotonicClock.monotonic": {"executed_lines": [], "summary": {"covered_lines": 0, "num_statements": 1, "percent_covered": 0.0, "percent_covered_display": "0", "missing_lines": 1, "excluded_lines": 0, "percent_statements_covered": 0.0, "percent_statements_covered_display": "0"}, "missing_lines": [122], "excluded_lines": [], "start_line": 120}, "MonotonicClock.sleep": {"executed_lines": [], "summary": {"covered_lines": 0, "num_statements": 1, "percent_covered": 0.0, "percent_covered_display": "0", "missing_lines": 1, "excluded_lines": 0, "percent_statements_covered": 0.0, "percent_statements_covered_display": "0"}, "missing_lines": [126], "excluded_lines": [], "start_line": 124}, "build_heartbeat_payload": {"executed_lines": [], "summary": {"covered_lines": 0, "num_statements": 3, "percent_covered": 0.0, "percent_covered_display": "0", "missing_lines": 3, "excluded_lines": 0, "percent_statements_covered": 0.0, "percent_statements_covered_display": "0"}, "missing_lines": [164, 165, 167], "excluded_lines": [], "start_line": 134}, "register_on_boot": {"executed_lines": [], "summary": {"covered_lines": 0, "num_statements": 1, "percent_covered": 0.0, "percent_covered_display": "0", "missing_lines": 1, "excluded_lines": 0, "percent_statements_covered": 0.0, "percent_statements_covered_display": "0"}, "missing_lines": [198], "excluded_lines": [], "start_line": 181}, "deregister": {"executed_lines": [], "summary": {"covered_lines": 0, "num_statements": 4, "percent_covered": 0.0, "percent_covered_display": "0", "missing_lines": 4, "excluded_lines": 0, "percent_statements_covered": 0.0, "percent_statements_covered_display": "0"}, "missing_lines": [218, 219, 220, 223], "excluded_lines": [], "start_line": 201}, "heartbeat_loop": {"executed_lines": [], "summary": {"covered_lines": 0, "num_statements": 15, "percent_covered": 0.0, "percent_covered_display": "0", "missing_lines": 15, "excluded_lines": 0, "percent_statements_covered": 0.0, "percent_statements_covered_display": "0"}, "missing_lines": [266, 267, 269, 275, 277, 278, 283, 284, 287, 291, 292, 297, 302, 303, 305], "excluded_lines": [], "start_line": 230}, "_sleep_or_cancel": {"executed_lines": [], "summary": {"covered_lines": 0, "num_statements": 17, "percent_covered": 0.0, "percent_covered_display": "0", "missing_lines": 17, "excluded_lines": 0, "percent_statements_covered": 0.0, "percent_statements_covered_display": "0"}, "missing_lines": [334, 335, 337, 338, 342, 346, 347, 348, 350, 351, 352, 353, 354, 356, 357, 358, 362], "excluded_lines": [], "start_line": 313}, "": {"executed_lines": [27, 29, 30, 31, 32, 34, 36, 37, 42, 47, 51, 53, 71, 72, 81, 85, 89, 94, 95, 103, 107, 112, 120, 124, 134, 181, 201, 230, 313], "summary": {"covered_lines": 29, "num_statements": 29, "percent_covered": 100.0, "percent_covered_display": "100", "missing_lines": 0, "excluded_lines": 9, "percent_statements_covered": 100.0, "percent_statements_covered_display": "100"}, "missing_lines": [], "excluded_lines": [39, 40, 84, 88, 92, 93, 106, 110, 111], "start_line": 1}}, "classes": {"StatusProvider": {"executed_lines": [], "summary": {"covered_lines": 0, "num_statements": 0, "percent_covered": 100.0, "percent_covered_display": "100", "missing_lines": 0, "excluded_lines": 3, "percent_statements_covered": 100.0, "percent_statements_covered_display": "100"}, "missing_lines": [], "excluded_lines": [83, 87, 91], "start_line": 72}, "Clock": {"executed_lines": [], "summary": {"covered_lines": 0, "num_statements": 0, "percent_covered": 100.0, "percent_covered_display": "100", "missing_lines": 0, "excluded_lines": 2, "percent_statements_covered": 100.0, "percent_statements_covered_display": "100"}, "missing_lines": [], "excluded_lines": [105, 109], "start_line": 95}, "MonotonicClock": {"executed_lines": [], "summary": {"covered_lines": 0, "num_statements": 2, "percent_covered": 0.0, "percent_covered_display": "0", "missing_lines": 2, "excluded_lines": 0, "percent_statements_covered": 0.0, "percent_statements_covered_display": "0"}, "missing_lines": [122, 126], "excluded_lines": [], "start_line": 112}, "": {"executed_lines": [27, 29, 30, 31, 32, 34, 36, 37, 42, 47, 51, 53, 71, 72, 81, 85, 89, 94, 95, 103, 107, 112, 120, 124, 134, 181, 201, 230, 313], "summary": {"covered_lines": 29, "num_statements": 69, "percent_covered": 42.028985507246375, "percent_covered_display": "42", "missing_lines": 40, "excluded_lines": 9, "percent_statements_covered": 42.028985507246375, "percent_statements_covered_display": "42"}, "missing_lines": [164, 165, 167, 198, 218, 219, 220, 223, 266, 267, 269, 275, 277, 278, 283, 284, 287, 291, 292, 297, 302, 303, 305, 334, 335, 337, 338, 342, 346, 347, 348, 350, 351, 352, 353, 354, 356, 357, 358, 362], "excluded_lines": [39, 40, 84, 88, 92, 93, 106, 110, 111], "start_line": 1}}}, "src/forge/adapters/nats/fleet_watcher.py": {"executed_lines": [], "summary": {"covered_lines": 0, "num_statements": 113, "percent_covered": 0.0, "percent_covered_display": "0", "missing_lines": 113, "excluded_lines": 16, "percent_statements_covered": 0.0, "percent_statements_covered_display": "0"}, "missing_lines": [42, 44, 45, 46, 48, 49, 50, 51, 52, 54, 55, 57, 65, 71, 76, 84, 85, 98, 103, 104, 124, 144, 150, 151, 153, 159, 174, 175, 176, 177, 178, 179, 181, 185, 186, 191, 192, 193, 196, 204, 214, 215, 216, 217, 223, 225, 226, 229, 231, 232, 233, 234, 235, 236, 242, 253, 254, 256, 257, 258, 259, 260, 261, 266, 268, 269, 270, 271, 277, 293, 294, 295, 299, 302, 305, 306, 307, 308, 313, 321, 342, 343, 354, 380, 381, 382, 384, 385, 388, 390, 391, 392, 399, 407, 408, 409, 410, 411, 412, 417, 419, 420, 427, 430, 457, 458, 459, 460, 461, 462, 463, 468, 471], "excluded_lines": [100, 101, 102, 107, 108, 109, 110, 111, 112, 113, 114, 115, 116, 117, 118, 119], "functions": {"SnapshotReader.snapshot": {"executed_lines": [], "summary": {"covered_lines": 0, "num_statements": 0, "percent_covered": 100.0, "percent_covered_display": "100", "missing_lines": 0, "excluded_lines": 1, "percent_statements_covered": 100.0, "percent_statements_covered_display": "100"}, "missing_lines": [], "excluded_lines": [100], "start_line": 98}, "_NATSClientLike.watch_fleet": {"executed_lines": [], "summary": {"covered_lines": 0, "num_statements": 0, "percent_covered": 100.0, "percent_covered_display": "100", "missing_lines": 0, "excluded_lines": 1, "percent_statements_covered": 100.0, "percent_statements_covered_display": "100"}, "missing_lines": [], "excluded_lines": [110], "start_line": 107}, "_NATSClientLike.subscribe": {"executed_lines": [], "summary": {"covered_lines": 0, "num_statements": 0, "percent_covered": 100.0, "percent_covered_display": "100", "missing_lines": 0, "excluded_lines": 1, "percent_statements_covered": 100.0, "percent_statements_covered_display": "100"}, "missing_lines": [], "excluded_lines": [116], "start_line": 112}, "FleetWatcher.__init__": {"executed_lines": [], "summary": {"covered_lines": 0, "num_statements": 3, "percent_covered": 0.0, "percent_covered_display": "0", "missing_lines": 3, "excluded_lines": 0, "percent_statements_covered": 0.0, "percent_statements_covered_display": "0"}, "missing_lines": [150, 151, 153], "excluded_lines": [], "start_line": 144}, "FleetWatcher.on_fleet_change": {"executed_lines": [], "summary": {"covered_lines": 0, "num_statements": 13, "percent_covered": 0.0, "percent_covered_display": "0", "missing_lines": 13, "excluded_lines": 0, "percent_statements_covered": 0.0, "percent_statements_covered_display": "0"}, "missing_lines": [174, 175, 176, 177, 178, 179, 181, 185, 186, 191, 192, 193, 196], "excluded_lines": [], "start_line": 159}, "FleetWatcher.on_heartbeat": {"executed_lines": [], "summary": {"covered_lines": 0, "num_statements": 14, "percent_covered": 0.0, "percent_covered_display": "0", "missing_lines": 14, "excluded_lines": 0, "percent_statements_covered": 0.0, "percent_statements_covered_display": "0"}, "missing_lines": [214, 215, 216, 217, 223, 225, 226, 229, 231, 232, 233, 234, 235, 236], "excluded_lines": [], "start_line": 204}, "FleetWatcher._previous_status": {"executed_lines": [], "summary": {"covered_lines": 0, "num_statements": 13, "percent_covered": 0.0, "percent_covered_display": "0", "missing_lines": 13, "excluded_lines": 0, "percent_statements_covered": 0.0, "percent_statements_covered_display": "0"}, "missing_lines": [253, 254, 256, 257, 258, 259, 260, 261, 266, 268, 269, 270, 271], "excluded_lines": [], "start_line": 242}, "FleetWatcher.run": {"executed_lines": [], "summary": {"covered_lines": 0, "num_statements": 10, "percent_covered": 0.0, "percent_covered_display": "0", "missing_lines": 10, "excluded_lines": 0, "percent_statements_covered": 0.0, "percent_statements_covered_display": "0"}, "missing_lines": [293, 294, 295, 299, 302, 305, 306, 307, 308, 313], "excluded_lines": [], "start_line": 277}, "watch": {"executed_lines": [], "summary": {"covered_lines": 0, "num_statements": 2, "percent_covered": 0.0, "percent_covered_display": "0", "missing_lines": 2, "excluded_lines": 0, "percent_statements_covered": 0.0, "percent_statements_covered_display": "0"}, "missing_lines": [342, 343], "excluded_lines": [], "start_line": 321}, "run_one_sweep": {"executed_lines": [], "summary": {"covered_lines": 0, "num_statements": 20, "percent_covered": 0.0, "percent_covered_display": "0", "missing_lines": 20, "excluded_lines": 0, "percent_statements_covered": 0.0, "percent_statements_covered_display": "0"}, "missing_lines": [380, 381, 382, 384, 385, 388, 390, 391, 392, 399, 407, 408, 409, 410, 411, 412, 417, 419, 420, 427], "excluded_lines": [], "start_line": 354}, "stale_sweeper": {"executed_lines": [], "summary": {"covered_lines": 0, "num_statements": 8, "percent_covered": 0.0, "percent_covered_display": "0", "missing_lines": 8, "excluded_lines": 0, "percent_statements_covered": 0.0, "percent_statements_covered_display": "0"}, "missing_lines": [457, 458, 459, 460, 461, 462, 463, 468], "excluded_lines": [], "start_line": 430}, "": {"executed_lines": [], "summary": {"covered_lines": 0, "num_statements": 30, "percent_covered": 0.0, "percent_covered_display": "0", "missing_lines": 30, "excluded_lines": 13, "percent_statements_covered": 0.0, "percent_statements_covered_display": "0"}, "missing_lines": [42, 44, 45, 46, 48, 49, 50, 51, 52, 54, 55, 57, 65, 71, 76, 84, 85, 98, 103, 104, 124, 144, 159, 204, 242, 277, 321, 354, 430, 471], "excluded_lines": [101, 102, 107, 108, 109, 111, 112, 113, 114, 115, 117, 118, 119], "start_line": 1}}, "classes": {"SnapshotReader": {"executed_lines": [], "summary": {"covered_lines": 0, "num_statements": 0, "percent_covered": 100.0, "percent_covered_display": "100", "missing_lines": 0, "excluded_lines": 1, "percent_statements_covered": 100.0, "percent_statements_covered_display": "100"}, "missing_lines": [], "excluded_lines": [100], "start_line": 85}, "_NATSClientLike": {"executed_lines": [], "summary": {"covered_lines": 0, "num_statements": 0, "percent_covered": 100.0, "percent_covered_display": "100", "missing_lines": 0, "excluded_lines": 2, "percent_statements_covered": 100.0, "percent_statements_covered_display": "100"}, "missing_lines": [], "excluded_lines": [110, 116], "start_line": 104}, "FleetWatcher": {"executed_lines": [], "summary": {"covered_lines": 0, "num_statements": 53, "percent_covered": 0.0, "percent_covered_display": "0", "missing_lines": 53, "excluded_lines": 0, "percent_statements_covered": 0.0, "percent_statements_covered_display": "0"}, "missing_lines": [150, 151, 153, 174, 175, 176, 177, 178, 179, 181, 185, 186, 191, 192, 193, 196, 214, 215, 216, 217, 223, 225, 226, 229, 231, 232, 233, 234, 235, 236, 253, 254, 256, 257, 258, 259, 260, 261, 266, 268, 269, 270, 271, 293, 294, 295, 299, 302, 305, 306, 307, 308, 313], "excluded_lines": [], "start_line": 124}, "": {"executed_lines": [], "summary": {"covered_lines": 0, "num_statements": 60, "percent_covered": 0.0, "percent_covered_display": "0", "missing_lines": 60, "excluded_lines": 13, "percent_statements_covered": 0.0, "percent_statements_covered_display": "0"}, "missing_lines": [42, 44, 45, 46, 48, 49, 50, 51, 52, 54, 55, 57, 65, 71, 76, 84, 85, 98, 103, 104, 124, 144, 159, 204, 242, 277, 321, 342, 343, 354, 380, 381, 382, 384, 385, 388, 390, 391, 392, 399, 407, 408, 409, 410, 411, 412, 417, 419, 420, 427, 430, 457, 458, 459, 460, 461, 462, 463, 468, 471], "excluded_lines": [101, 102, 107, 108, 109, 111, 112, 113, 114, 115, 117, 118, 119], "start_line": 1}}}, "src/forge/adapters/nats/pipeline_consumer.py": {"executed_lines": [], "summary": {"covered_lines": 0, "num_statements": 216, "percent_covered": 0.0, "percent_covered_display": "0", "missing_lines": 216, "excluded_lines": 5, "percent_statements_covered": 0.0, "percent_statements_covered_display": "0"}, "missing_lines": [38, 40, 41, 42, 43, 45, 46, 47, 48, 54, 56, 58, 67, 71, 75, 79, 83, 86, 90, 98, 99, 100, 107, 108, 110, 111, 115, 116, 118, 119, 123, 124, 131, 142, 143, 151, 152, 153, 154, 162, 171, 182, 193, 206, 219, 220, 221, 224, 226, 227, 228, 229, 230, 231, 232, 233, 236, 249, 263, 291, 292, 293, 294, 299, 300, 308, 310, 311, 312, 316, 317, 323, 324, 332, 335, 336, 337, 338, 344, 345, 353, 356, 357, 358, 364, 365, 373, 376, 377, 383, 384, 387, 388, 395, 398, 408, 410, 411, 412, 416, 417, 418, 420, 423, 432, 433, 434, 435, 436, 437, 448, 456, 462, 469, 472, 473, 499, 500, 501, 502, 503, 508, 509, 515, 516, 523, 524, 526, 527, 529, 532, 535, 536, 540, 541, 555, 556, 557, 558, 559, 560, 561, 564, 565, 591, 592, 593, 594, 595, 596, 597, 600, 647, 652, 653, 658, 659, 660, 661, 662, 663, 669, 670, 671, 672, 673, 676, 678, 688, 691, 709, 710, 711, 712, 713, 718, 719, 720, 722, 723, 724, 726, 729, 730, 736, 737, 738, 741, 742, 749, 750, 751, 754, 755, 756, 763, 770, 771, 772, 774, 780, 781, 784, 785, 788, 791, 792, 800, 806, 807, 808, 809, 817, 824, 825, 828], "excluded_lines": [133, 134, 135, 136, 137], "functions": {"_MsgLike.ack": {"executed_lines": [], "summary": {"covered_lines": 0, "num_statements": 0, "percent_covered": 100.0, "percent_covered_display": "100", "missing_lines": 0, "excluded_lines": 1, "percent_statements_covered": 100.0, "percent_statements_covered_display": "100"}, "missing_lines": [], "excluded_lines": [134], "start_line": 133}, "build_consumer_config": {"executed_lines": [], "summary": {"covered_lines": 0, "num_statements": 1, "percent_covered": 0.0, "percent_covered_display": "0", "missing_lines": 1, "excluded_lines": 0, "percent_statements_covered": 0.0, "percent_statements_covered_display": "0"}, "missing_lines": [171], "excluded_lines": [], "start_line": 162}, "start_pipeline_consumer": {"executed_lines": [], "summary": {"covered_lines": 0, "num_statements": 1, "percent_covered": 0.0, "percent_covered_display": "0", "missing_lines": 1, "excluded_lines": 0, "percent_statements_covered": 0.0, "percent_statements_covered_display": "0"}, "missing_lines": [193], "excluded_lines": [], "start_line": 182}, "_path_inside_allowlist": {"executed_lines": [], "summary": {"covered_lines": 0, "num_statements": 12, "percent_covered": 0.0, "percent_covered_display": "0", "missing_lines": 12, "excluded_lines": 0, "percent_statements_covered": 0.0, "percent_statements_covered_display": "0"}, "missing_lines": [219, 220, 221, 224, 226, 227, 228, 229, 230, 231, 232, 233], "excluded_lines": [], "start_line": 206}, "_failure_payload": {"executed_lines": [], "summary": {"covered_lines": 0, "num_statements": 1, "percent_covered": 0.0, "percent_covered_display": "0", "missing_lines": 1, "excluded_lines": 0, "percent_statements_covered": 0.0, "percent_statements_covered_display": "0"}, "missing_lines": [249], "excluded_lines": [], "start_line": 236}, "handle_message": {"executed_lines": [], "summary": {"covered_lines": 0, "num_statements": 35, "percent_covered": 0.0, "percent_covered_display": "0", "missing_lines": 35, "excluded_lines": 0, "percent_statements_covered": 0.0, "percent_statements_covered_display": "0"}, "missing_lines": [291, 292, 293, 294, 299, 300, 308, 310, 311, 312, 316, 317, 323, 324, 332, 335, 336, 337, 338, 344, 345, 353, 356, 357, 358, 364, 365, 373, 376, 377, 383, 384, 387, 388, 395], "excluded_lines": [], "start_line": 263}, "_build_ack_callback": {"executed_lines": [], "summary": {"covered_lines": 0, "num_statements": 3, "percent_covered": 0.0, "percent_covered_display": "0", "missing_lines": 3, "excluded_lines": 0, "percent_statements_covered": 0.0, "percent_statements_covered_display": "0"}, "missing_lines": [408, 410, 420], "excluded_lines": [], "start_line": 398}, "_build_ack_callback._ack": {"executed_lines": [], "summary": {"covered_lines": 0, "num_statements": 5, "percent_covered": 0.0, "percent_covered_display": "0", "missing_lines": 5, "excluded_lines": 0, "percent_statements_covered": 0.0, "percent_statements_covered_display": "0"}, "missing_lines": [411, 412, 416, 417, 418], "excluded_lines": [], "start_line": 410}, "_safe_envelope_feature": {"executed_lines": [], "summary": {"covered_lines": 0, "num_statements": 6, "percent_covered": 0.0, "percent_covered_display": "0", "missing_lines": 6, "excluded_lines": 0, "percent_statements_covered": 0.0, "percent_statements_covered_display": "0"}, "missing_lines": [432, 433, 434, 435, 436, 437], "excluded_lines": [], "start_line": 423}, "reconcile_on_boot": {"executed_lines": [], "summary": {"covered_lines": 0, "num_statements": 17, "percent_covered": 0.0, "percent_covered_display": "0", "missing_lines": 17, "excluded_lines": 0, "percent_statements_covered": 0.0, "percent_statements_covered_display": "0"}, "missing_lines": [647, 652, 653, 658, 659, 660, 661, 662, 663, 669, 670, 671, 672, 673, 676, 678, 688], "excluded_lines": [], "start_line": 600}, "_reconcile_one_redelivery": {"executed_lines": [], "summary": {"covered_lines": 0, "num_statements": 45, "percent_covered": 0.0, "percent_covered_display": "0", "missing_lines": 45, "excluded_lines": 0, "percent_statements_covered": 0.0, "percent_statements_covered_display": "0"}, "missing_lines": [709, 710, 711, 712, 713, 718, 719, 720, 722, 723, 724, 726, 729, 730, 736, 737, 738, 741, 742, 749, 750, 751, 754, 755, 756, 763, 770, 771, 772, 774, 780, 781, 784, 785, 788, 791, 792, 800, 806, 807, 808, 809, 817, 824, 825], "excluded_lines": [], "start_line": 691}, "": {"executed_lines": [], "summary": {"covered_lines": 0, "num_statements": 90, "percent_covered": 0.0, "percent_covered_display": "0", "missing_lines": 90, "excluded_lines": 4, "percent_statements_covered": 0.0, "percent_statements_covered_display": "0"}, "missing_lines": [38, 40, 41, 42, 43, 45, 46, 47, 48, 54, 56, 58, 67, 71, 75, 79, 83, 86, 90, 98, 99, 100, 107, 108, 110, 111, 115, 116, 118, 119, 123, 124, 131, 142, 143, 151, 152, 153, 154, 162, 182, 206, 236, 263, 398, 423, 448, 456, 462, 469, 472, 473, 499, 500, 501, 502, 503, 508, 509, 515, 516, 523, 524, 526, 527, 529, 532, 535, 536, 540, 541, 555, 556, 557, 558, 559, 560, 561, 564, 565, 591, 592, 593, 594, 595, 596, 597, 600, 691, 828], "excluded_lines": [133, 135, 136, 137], "start_line": 1}}, "classes": {"_MsgLike": {"executed_lines": [], "summary": {"covered_lines": 0, "num_statements": 0, "percent_covered": 100.0, "percent_covered_display": "100", "missing_lines": 0, "excluded_lines": 1, "percent_statements_covered": 100.0, "percent_statements_covered_display": "100"}, "missing_lines": [], "excluded_lines": [134], "start_line": 124}, "PipelineConsumerDeps": {"executed_lines": [], "summary": {"covered_lines": 0, "num_statements": 0, "percent_covered": 100.0, "percent_covered_display": "100", "missing_lines": 0, "excluded_lines": 0, "percent_statements_covered": 100.0, "percent_statements_covered_display": "100"}, "missing_lines": [], "excluded_lines": [], "start_line": 143}, "PausedBuildSnapshot": {"executed_lines": [], "summary": {"covered_lines": 0, "num_statements": 0, "percent_covered": 100.0, "percent_covered_display": "100", "missing_lines": 0, "excluded_lines": 0, "percent_statements_covered": 100.0, "percent_statements_covered_display": "100"}, "missing_lines": [], "excluded_lines": [], "start_line": 473}, "ReconcileDeps": {"executed_lines": [], "summary": {"covered_lines": 0, "num_statements": 0, "percent_covered": 100.0, "percent_covered_display": "100", "missing_lines": 0, "excluded_lines": 0, "percent_statements_covered": 100.0, "percent_statements_covered_display": "100"}, "missing_lines": [], "excluded_lines": [], "start_line": 541}, "ReconcileReport": {"executed_lines": [], "summary": {"covered_lines": 0, "num_statements": 0, "percent_covered": 100.0, "percent_covered_display": "100", "missing_lines": 0, "excluded_lines": 0, "percent_statements_covered": 100.0, "percent_statements_covered_display": "100"}, "missing_lines": [], "excluded_lines": [], "start_line": 565}, "": {"executed_lines": [], "summary": {"covered_lines": 0, "num_statements": 216, "percent_covered": 0.0, "percent_covered_display": "0", "missing_lines": 216, "excluded_lines": 4, "percent_statements_covered": 0.0, "percent_statements_covered_display": "0"}, "missing_lines": [38, 40, 41, 42, 43, 45, 46, 47, 48, 54, 56, 58, 67, 71, 75, 79, 83, 86, 90, 98, 99, 100, 107, 108, 110, 111, 115, 116, 118, 119, 123, 124, 131, 142, 143, 151, 1
[...]
files_count": {"executed_lines": [], "summary": {"covered_lines": 0, "num_statements": 14, "percent_covered": 0.0, "percent_covered_display": "0", "missing_lines": 14, "excluded_lines": 0, "percent_statements_covered": 0.0, "percent_statements_covered_display": "0"}, "missing_lines": [225, 226, 227, 228, 231, 236, 237, 238, 239, 240, 241, 242, 247, 248], "excluded_lines": [], "start_line": 215}, "_failure_rationale": {"executed_lines": [], "summary": {"covered_lines": 0, "num_statements": 4, "percent_covered": 0.0, "percent_covered_display": "0", "missing_lines": 4, "excluded_lines": 0, "percent_statements_covered": 0.0, "percent_statements_covered_display": "0"}, "missing_lines": [260, 261, 262, 263], "excluded_lines": [], "start_line": 251}, "evaluate_post_autobuild": {"executed_lines": [], "summary": {"covered_lines": 0, "num_statements": 18, "percent_covered": 0.0, "percent_covered_display": "0", "missing_lines": 18, "excluded_lines": 0, "percent_statements_covered": 0.0, "percent_statements_covered_display": "0"}, "missing_lines": [353, 354, 355, 362, 363, 364, 370, 375, 376, 377, 385, 400, 402, 403, 407, 416, 425, 432], "excluded_lines": [], "start_line": 271}, "": {"executed_lines": [], "summary": {"covered_lines": 0, "num_statements": 26, "percent_covered": 0.0, "percent_covered_display": "0", "missing_lines": 26, "excluded_lines": 0, "percent_statements_covered": 0.0, "percent_statements_covered_display": "0"}, "missing_lines": [76, 78, 79, 80, 81, 83, 84, 85, 87, 96, 108, 114, 125, 134, 141, 149, 150, 185, 186, 187, 188, 189, 197, 215, 251, 271], "excluded_lines": [], "start_line": 1}}, "classes": {"ModeBPostAutobuild": {"executed_lines": [], "summary": {"covered_lines": 0, "num_statements": 0, "percent_covered": 100.0, "percent_covered_display": "100", "missing_lines": 0, "excluded_lines": 0, "percent_statements_covered": 100.0, "percent_statements_covered_display": "100"}, "missing_lines": [], "excluded_lines": [], "start_line": 150}, "": {"executed_lines": [], "summary": {"covered_lines": 0, "num_statements": 67, "percent_covered": 0.0, "percent_covered_display": "0", "missing_lines": 67, "excluded_lines": 0, "percent_statements_covered": 0.0, "percent_statements_covered_display": "0"}, "missing_lines": [76, 78, 79, 80, 81, 83, 84, 85, 87, 96, 108, 114, 125, 134, 141, 149, 150, 185, 186, 187, 188, 189, 197, 208, 209, 210, 211, 212, 215, 225, 226, 227, 228, 231, 236, 237, 238, 239, 240, 241, 242, 247, 248, 251, 260, 261, 262, 263, 271, 353, 354, 355, 362, 363, 364, 370, 375, 376, 377, 385, 400, 402, 403, 407, 416, 425, 432], "excluded_lines": [], "start_line": 1}}}, "src/forge/pipeline/terminal_handlers/mode_c.py": {"executed_lines": [], "summary": {"covered_lines": 0, "num_statements": 92, "percent_covered": 0.0, "percent_covered_display": "0", "missing_lines": 92, "excluded_lines": 0, "percent_statements_covered": 0.0, "percent_statements_covered_display": "0"}, "missing_lines": [59, 61, 62, 63, 64, 65, 67, 68, 69, 71, 81, 90, 96, 102, 112, 116, 120, 123, 127, 131, 137, 143, 151, 177, 178, 179, 180, 183, 184, 206, 207, 208, 210, 211, 213, 216, 217, 237, 238, 263, 264, 265, 266, 267, 275, 342, 343, 344, 351, 357, 358, 368, 369, 381, 382, 395, 396, 400, 404, 412, 418, 433, 434, 435, 436, 448, 449, 456, 457, 460, 467, 474, 475, 481, 494, 540, 541, 543, 544, 546, 553, 586, 591, 592, 593, 597, 598, 606, 611, 612, 613, 614], "excluded_lines": [], "functions": {"CommitProbeResult.has_commits": {"executed_lines": [], "summary": {"covered_lines": 0, "num_statements": 1, "percent_covered": 0.0, "percent_covered_display": "0", "missing_lines": 1, "excluded_lines": 0, "percent_statements_covered": 0.0, "percent_statements_covered_display": "0"}, "missing_lines": [213], "excluded_lines": [], "start_line": 211}, "evaluate_terminal": {"executed_lines": [], "summary": {"covered_lines": 0, "num_statements": 29, "percent_covered": 0.0, "percent_covered_display": "0", "missing_lines": 29, "excluded_lines": 0, "percent_statements_covered": 0.0, "percent_statements_covered_display": "0"}, "missing_lines": [342, 343, 344, 351, 357, 358, 368, 369, 381, 382, 395, 396, 400, 404, 412, 418, 433, 434, 435, 436, 448, 449, 456, 457, 460, 467, 474, 475, 481], "excluded_lines": [], "start_line": 275}, "build_task_work_attribution": {"executed_lines": [], "summary": {"covered_lines": 0, "num_statements": 5, "percent_covered": 0.0, "percent_covered_display": "0", "missing_lines": 5, "excluded_lines": 0, "percent_statements_covered": 0.0, "percent_statements_covered_display": "0"}, "missing_lines": [540, 541, 543, 544, 546], "excluded_lines": [], "start_line": 494}, "build_session_outcome_payload": {"executed_lines": [], "summary": {"covered_lines": 0, "num_statements": 6, "percent_covered": 0.0, "percent_covered_display": "0", "missing_lines": 6, "excluded_lines": 0, "percent_statements_covered": 0.0, "percent_statements_covered_display": "0"}, "missing_lines": [586, 591, 592, 593, 597, 598], "excluded_lines": [], "start_line": 553}, "_latest_review_index": {"executed_lines": [], "summary": {"covered_lines": 0, "num_statements": 4, "percent_covered": 0.0, "percent_covered_display": "0", "missing_lines": 4, "excluded_lines": 0, "percent_statements_covered": 0.0, "percent_statements_covered_display": "0"}, "missing_lines": [611, 612, 613, 614], "excluded_lines": [], "start_line": 606}, "": {"executed_lines": [], "summary": {"covered_lines": 0, "num_statements": 47, "percent_covered": 0.0, "percent_covered_display": "0", "missing_lines": 47, "excluded_lines": 0, "percent_statements_covered": 0.0, "percent_statements_covered_display": "0"}, "missing_lines": [59, 61, 62, 63, 64, 65, 67, 68, 69, 71, 81, 90, 96, 102, 112, 116, 120, 123, 127, 131, 137, 143, 151, 177, 178, 179, 180, 183, 184, 206, 207, 208, 210, 211, 216, 217, 237, 238, 263, 264, 265, 266, 267, 275, 494, 553, 606], "excluded_lines": [], "start_line": 1}}, "classes": {"ModeCTerminal": {"executed_lines": [], "summary": {"covered_lines": 0, "num_statements": 0, "percent_covered": 100.0, "percent_covered_display": "100", "missing_lines": 0, "excluded_lines": 0, "percent_statements_covered": 100.0, "percent_statements_covered_display": "100"}, "missing_lines": [], "excluded_lines": [], "start_line": 151}, "CommitProbeResult": {"executed_lines": [], "summary": {"covered_lines": 0, "num_statements": 1, "percent_covered": 0.0, "percent_covered_display": "0", "missing_lines": 1, "excluded_lines": 0, "percent_statements_covered": 0.0, "percent_statements_covered_display": "0"}, "missing_lines": [213], "excluded_lines": [], "start_line": 184}, "ModeCTerminalDecision": {"executed_lines": [], "summary": {"covered_lines": 0, "num_statements": 0, "percent_covered": 100.0, "percent_covered_display": "100", "missing_lines": 0, "excluded_lines": 0, "percent_statements_covered": 100.0, "percent_statements_covered_display": "100"}, "missing_lines": [], "excluded_lines": [], "start_line": 238}, "": {"executed_lines": [], "summary": {"covered_lines": 0, "num_statements": 91, "percent_covered": 0.0, "percent_covered_display": "0", "missing_lines": 91, "excluded_lines": 0, "percent_statements_covered": 0.0, "percent_statements_covered_display": "0"}, "missing_lines": [59, 61, 62, 63, 64, 65, 67, 68, 69, 71, 81, 90, 96, 102, 112, 116, 120, 123, 127, 131, 137, 143, 151, 177, 178, 179, 180, 183, 184, 206, 207, 208, 210, 211, 216, 217, 237, 238, 263, 264, 265, 266, 267, 275, 342, 343, 344, 351, 357, 358, 368, 369, 381, 382, 395, 396, 400, 404, 412, 418, 433, 434, 435, 436, 448, 449, 456, 457, 460, 467, 474, 475, 481, 494, 540, 541, 543, 544, 546, 553, 586, 591, 592, 593, 597, 598, 606, 611, 612, 613, 614], "excluded_lines": [], "start_line": 1}}}, "src/forge/tools/__init__.py": {"executed_lines": [], "summary": {"covered_lines": 0, "num_statements": 0, "percent_covered": 100.0, "percent_covered_display": "100", "missing_lines": 0, "excluded_lines": 0, "percent_statements_covered": 100.0, "percent_statements_covered_display": "100"}, "missing_lines": [], "excluded_lines": [], "functions": {"": {"executed_lines": [], "summary": {"covered_lines": 0, "num_statements": 0, "percent_covered": 100.0, "percent_covered_display": "100", "missing_lines": 0, "excluded_lines": 0, "percent_statements_covered": 100.0, "percent_statements_covered_display": "100"}, "missing_lines": [], "excluded_lines": [], "start_line": 1}}, "classes": {"": {"executed_lines": [], "summary": {"covered_lines": 0, "num_statements": 0, "percent_covered": 100.0, "percent_covered_display": "100", "missing_lines": 0, "excluded_lines": 0, "percent_statements_covered": 100.0, "percent_statements_covered_display": "100"}, "missing_lines": [], "excluded_lines": [], "start_line": 1}}}, "src/forge/tools/graphiti.py": {"executed_lines": [], "summary": {"covered_lines": 0, "num_statements": 47, "percent_covered": 0.0, "percent_covered_display": "0", "missing_lines": 47, "excluded_lines": 2, "percent_statements_covered": 0.0, "percent_statements_covered_display": "0"}, "missing_lines": [43, 45, 46, 47, 48, 49, 51, 53, 60, 74, 75, 77, 78, 80, 81, 84, 86, 87, 89, 94, 102, 111, 120, 157, 158, 160, 161, 167, 168, 174, 175, 176, 177, 183, 191, 192, 223, 224, 230, 231, 239, 240, 271, 272, 278, 279, 282], "excluded_lines": [90, 91], "functions": {"_StdlibStructLogger.__init__": {"executed_lines": [], "summary": {"covered_lines": 0, "num_statements": 1, "percent_covered": 0.0, "percent_covered_display": "0", "missing_lines": 1, "excluded_lines": 0, "percent_statements_covered": 0.0, "percent_statements_covered_display": "0"}, "missing_lines": [75], "excluded_lines": [], "start_line": 74}, "_StdlibStructLogger.info": {"executed_lines": [], "summary": {"covered_lines": 0, "num_statements": 1, "percent_covered": 0.0, "percent_covered_display": "0", "missing_lines": 1, "excluded_lines": 0, "percent_statements_covered": 0.0, "percent_statements_covered_display": "0"}, "missing_lines": [78], "excluded_lines": [], "start_line": 77}, "_StdlibStructLogger.exception": {"executed_lines": [], "summary": {"covered_lines": 0, "num_statements": 1, "percent_covered": 0.0, "percent_covered_display": "0", "missing_lines": 1, "excluded_lines": 0, "percent_statements_covered": 0.0, "percent_statements_covered_display": "0"}, "missing_lines": [81], "excluded_lines": [], "start_line": 80}, "_build_logger": {"executed_lines": [], "summary": {"covered_lines": 0, "num_statements": 3, "percent_covered": 0.0, "percent_covered_display": "0", "missing_lines": 3, "excluded_lines": 2, "percent_statements_covered": 0.0, "percent_statements_covered_display": "0"}, "missing_lines": [86, 87, 89], "excluded_lines": [90, 91], "start_line": 84}, "_error_json": {"executed_lines": [], "summary": {"covered_lines": 0, "num_statements": 1, "percent_covered": 0.0, "percent_covered_display": "0", "missing_lines": 1, "excluded_lines": 0, "percent_statements_covered": 0.0, "percent_statements_covered_display": "0"}, "missing_lines": [111], "excluded_lines": [], "start_line": 102}, "_invoke_graphiti": {"executed_lines": [], "summary": {"covered_lines": 0, "num_statements": 11, "percent_covered": 0.0, "percent_covered_display": "0", "missing_lines": 11, "excluded_lines": 0, "percent_statements_covered": 0.0, "percent_statements_covered_display": "0"}, "missing_lines": [157, 158, 160, 161, 167, 168, 174, 175, 176, 177, 183], "excluded_lines": [], "start_line": 120}, "guardkit_graphiti_add_context": {"executed_lines": [], "summary": {"covered_lines": 0, "num_statements": 4, "percent_covered": 0.0, "percent_covered_display": "0", "missing_lines": 4, "excluded_lines": 0, "percent_statements_covered": 0.0, "percent_statements_covered_display": "0"}, "missing_lines": [223, 224, 230, 231], "excluded_lines": [], "start_line": 192}, "guardkit_graphiti_query": {"executed_lines": [], "summary": {"covered_lines": 0, "num_statements": 4, "percent_covered": 0.0, "percent_covered_display": "0", "missing_lines": 4, "excluded_lines": 0, "percent_statements_covered": 0.0, "percent_statements_covered_display": "0"}, "missing_lines": [271, 272, 278, 279], "excluded_lines": [], "start_line": 240}, "": {"executed_lines": [], "summary": {"covered_lines": 0, "num_statements": 21, "percent_covered": 0.0, "percent_covered_display": "0", "missing_lines": 21, "excluded_lines": 0, "percent_statements_covered": 0.0, "percent_statements_covered_display": "0"}, "missing_lines": [43, 45, 46, 47, 48, 49, 51, 53, 60, 74, 77, 80, 84, 94, 102, 120, 191, 192, 239, 240, 282], "excluded_lines": [], "start_line": 1}}, "classes": {"_StdlibStructLogger": {"executed_lines": [], "summary": {"covered_lines": 0, "num_statements": 3, "percent_covered": 0.0, "percent_covered_display": "0", "missing_lines": 3, "excluded_lines": 0, "percent_statements_covered": 0.0, "percent_statements_covered_display": "0"}, "missing_lines": [75, 78, 81], "excluded_lines": [], "start_line": 60}, "": {"executed_lines": [], "summary": {"covered_lines": 0, "num_statements": 44, "percent_covered": 0.0, "percent_covered_display": "0", "missing_lines": 44, "excluded_lines": 2, "percent_statements_covered": 0.0, "percent_statements_covered_display": "0"}, "missing_lines": [43, 45, 46, 47, 48, 49, 51, 53, 60, 74, 77, 80, 84, 86, 87, 89, 94, 102, 111, 120, 157, 158, 160, 161, 167, 168, 174, 175, 176, 177, 183, 191, 192, 223, 224, 230, 231, 239, 240, 271, 272, 278, 279, 282], "excluded_lines": [90, 91], "start_line": 1}}}, "src/forge/tools/guardkit.py": {"executed_lines": [], "summary": {"covered_lines": 0, "num_statements": 90, "percent_covered": 0.0, "percent_covered_display": "0", "missing_lines": 90, "excluded_lines": 0, "percent_statements_covered": 0.0, "percent_statements_covered_display": "0"}, "missing_lines": [58, 60, 61, 62, 63, 64, 66, 68, 72, 74, 82, 91, 98, 107, 116, 148, 149, 150, 151, 153, 154, 155, 162, 163, 169, 170, 171, 172, 177, 185, 186, 205, 206, 207, 208, 209, 215, 216, 219, 220, 236, 237, 238, 239, 240, 246, 247, 250, 251, 263, 264, 270, 271, 279, 280, 302, 303, 310, 311, 314, 315, 326, 327, 333, 334, 342, 343, 354, 355, 361, 362, 365, 366, 377, 378, 384, 385, 388, 389, 400, 401, 407, 408, 416, 417, 428, 429, 435, 436, 439], "excluded_lines": [], "functions": {"_build_id_for": {"executed_lines": [], "summary": {"covered_lines": 0, "num_statements": 1, "percent_covered": 0.0, "percent_covered_display": "0", "missing_lines": 1, "excluded_lines": 0, "percent_statements_covered": 0.0, "percent_statements_covered_display": "0"}, "missing_lines": [91], "excluded_lines": [], "start_line": 82}, "_error_json": {"executed_lines": [], "summary": {"covered_lines": 0, "num_statements": 1, "percent_covered": 0.0, "percent_covered_display": "0", "missing_lines": 1, "excluded_lines": 0, "percent_statements_covered": 0.0, "percent_statements_covered_display": "0"}, "missing_lines": [107], "excluded_lines": [], "start_line": 98}, "_invoke": {"executed_lines": [], "summary": {"covered_lines": 0, "num_statements": 14, "percent_covered": 0.0, "percent_covered_display": "0", "missing_lines": 14, "excluded_lines": 0, "percent_statements_covered": 0.0, "percent_statements_covered_display": "0"}, "missing_lines": [148, 149, 150, 151, 153, 154, 155, 162, 163, 169, 170, 171, 172, 177], "excluded_lines": [], "start_line": 116}, "guardkit_system_arch": {"executed_lines": [], "summary": {"covered_lines": 0, "num_statements": 7, "percent_covered": 0.0, "percent_covered_display": "0", "missing_lines": 7, "excluded_lines": 0, "percent_statements_covered": 0.0, "percent_statements_covered_display": "0"}, "missing_lines": [205, 206, 207, 208, 209, 215, 216], "excluded_lines": [], "start_line": 186}, "guardkit_system_design": {"executed_lines": [], "summary": {"covered_lines": 0, "num_statements": 7, "percent_covered": 0.0, "percent_covered_display": "0", "missing_lines": 7, "excluded_lines": 0, "percent_statements_covered": 0.0, "percent_statements_covered_display": "0"}, "missing_lines": [236, 237, 238, 239, 240, 246, 247], "excluded_lines": [], "start_line": 220}, "guardkit_system_plan": {"executed_lines": [], "summary": {"covered_lines": 0, "num_statements": 4, "percent_covered": 0.0, "percent_covered_display": "0", "missing_lines": 4, "excluded_lines": 0, "percent_statements_covered": 0.0, "percent_statements_covered_display": "0"}, "missing_lines": [263, 264, 270, 271], "excluded_lines": [], "start_line": 251}, "guardkit_feature_spec": {"executed_lines": [], "summary": {"covered_lines": 0, "num_statements": 4, "percent_covered": 0.0, "percent_covered_display": "0", "missing_lines": 4, "excluded_lines": 0, "percent_statements_covered": 0.0, "percent_statements_covered_display": "0"}, "missing_lines": [302, 303, 310, 311], "excluded_lines": [], "start_line": 280}, "guardkit_feature_plan": {"executed_lines": [], "summary": {"covered_lines": 0, "num_statements": 4, "percent_covered": 0.0, "percent_covered_display": "0", "missing_lines": 4, "excluded_lines": 0, "percent_statements_covered": 0.0, "percent_statements_covered_display": "0"}, "missing_lines": [326, 327, 333, 334], "excluded_lines": [], "start_line": 315}, "guardkit_task_review": {"executed_lines": [], "summary": {"covered_lines": 0, "num_statements": 4, "percent_covered": 0.0, "percent_covered_display": "0", "missing_lines": 4, "excluded_lines": 0, "percent_statements_covered": 0.0, "percent_statements_covered_display": "0"}, "missing_lines": [354, 355, 361, 362], "excluded_lines": [], "start_line": 343}, "guardkit_task_work": {"executed_lines": [], "summary": {"covered_lines": 0, "num_statements": 4, "percent_covered": 0.0, "percent_covered_display": "0", "missing_lines": 4, "excluded_lines": 0, "percent_statements_covered": 0.0, "percent_statements_covered_display": "0"}, "missing_lines": [377, 378, 384, 385], "excluded_lines": [], "start_line": 366}, "guardkit_task_complete": {"executed_lines": [], "summary": {"covered_lines": 0, "num_statements": 4, "percent_covered": 0.0, "percent_covered_display": "0", "missing_lines": 4, "excluded_lines": 0, "percent_statements_covered": 0.0, "percent_statements_covered_display": "0"}, "missing_lines": [400, 401, 407, 408], "excluded_lines": [], "start_line": 389}, "guardkit_autobuild": {"executed_lines": [], "summary": {"covered_lines": 0, "num_statements": 4, "percent_covered": 0.0, "percent_covered_display": "0", "missing_lines": 4, "excluded_lines": 0, "percent_statements_covered": 0.0, "percent_statements_covered_display": "0"}, "missing_lines": [428, 429, 435, 436], "excluded_lines": [], "start_line": 417}, "": {"executed_lines": [], "summary": {"covered_lines": 0, "num_statements": 32, "percent_covered": 0.0, "percent_covered_display": "0", "missing_lines": 32, "excluded_lines": 0, "percent_statements_covered": 0.0, "percent_statements_covered_display": "0"}, "missing_lines": [58, 60, 61, 62, 63, 64, 66, 68, 72, 74, 82, 98, 116, 185, 186, 219, 220, 250, 251, 279, 280, 314, 315, 342, 343, 365, 366, 388, 389, 416, 417, 439], "excluded_lines": [], "start_line": 1}}, "classes": {"": {"executed_lines": [], "summary": {"covered_lines": 0, "num_statements": 90, "percent_covered": 0.0, "percent_covered_display": "0", "missing_lines": 90, "excluded_lines": 0, "percent_statements_covered": 0.0, "percent_statements_covered_display": "0"}, "missing_lines": [58, 60, 61, 62, 63, 64, 66, 68, 72, 74, 82, 91, 98, 107, 116, 148, 149, 150, 151, 153, 154, 155, 162, 163, 169, 170, 171, 172, 177, 185, 186, 205, 206, 207, 208, 209, 215, 216, 219, 220, 236, 237, 238, 239, 240, 246, 247, 250, 251, 263, 264, 270, 271, 279, 280, 302, 303, 310, 311, 314, 315, 326, 327, 333, 334, 342, 343, 354, 355, 361, 362, 365, 366, 377, 378, 384, 385, 388, 389, 400, 401, 407, 408, 416, 417, 428, 429, 435, 436, 439], "excluded_lines": [], "start_line": 1}}}}, "totals": {"covered_lines": 1279, "num_statements": 6197, "percent_covered": 20.639018880103276, "percent_covered_display": "21", "missing_lines": 4918, "excluded_lines": 764, "percent_statements_covered": 20.639018880103276, "percent_statements_covered_display": "21"}}