{"meta": {"format": 3, "version": "7.13.4", "timestamp": "2026-04-25T18:13:28.886696", "branch_coverage": false, "show_contexts": false}, "files": {"src/forge/adapters/nats/approval_publisher.py": {"executed_lines": [34, 36, 37, 39, 41, 46, 51, 55, 59, 64, 67, 83, 98, 99, 100, 101, 109, 149, 179, 211, 213, 214, 215, 216, 217, 218, 219, 220, 221, 225, 230, 238, 257, 263, 264, 270, 285, 290, 291, 292, 298, 324, 325, 326, 334, 335, 336, 341, 343, 346, 348, 349, 350, 356, 361, 363], "summary": {"covered_lines": 56, "num_statements": 58, "percent_covered": 96.55172413793103, "percent_covered_display": "97", "missing_lines": 2, "excluded_lines": 2, "percent_statements_covered": 96.55172413793103, "percent_statements_covered_display": "97"}, "missing_lines": [327, 332], "excluded_lines": [43, 44], "functions": {"ApprovalPublishError.__init__": {"executed_lines": [99, 100, 101], "summary": {"covered_lines": 3, "num_statements": 3, "percent_covered": 100.0, "percent_covered_display": "100", "missing_lines": 0, "excluded_lines": 0, "percent_statements_covered": 100.0, "percent_statements_covered_display": "100"}, "missing_lines": [], "excluded_lines": [], "start_line": 98}, "_build_approval_details": {"executed_lines": [149], "summary": {"covered_lines": 1, "num_statements": 1, "percent_covered": 100.0, "percent_covered_display": "100", "missing_lines": 0, "excluded_lines": 0, "percent_statements_covered": 100.0, "percent_statements_covered_display": "100"}, "missing_lines": [], "excluded_lines": [], "start_line": 109}, "_derive_risk_level": {"executed_lines": [211, 213, 214, 215, 216, 217, 218, 219, 220, 221, 225, 230], "summary": {"covered_lines": 12, "num_statements": 12, "percent_covered": 100.0, "percent_covered_display": "100", "missing_lines": 0, "excluded_lines": 0, "percent_statements_covered": 100.0, "percent_statements_covered_display": "100"}, "missing_lines": [], "excluded_lines": [], "start_line": 179}, "ApprovalPublisher.__init__": {"executed_lines": [263, 264], "summary": {"covered_lines": 2, "num_statements": 2, "percent_covered": 100.0, "percent_covered_display": "100", "missing_lines": 0, "excluded_lines": 0, "percent_statements_covered": 100.0, "percent_statements_covered_display": "100"}, "missing_lines": [], "excluded_lines": [], "start_line": 257}, "ApprovalPublisher._subject_for": {"executed_lines": [285, 290, 291, 292], "summary": {"covered_lines": 4, "num_statements": 4, "percent_covered": 100.0, "percent_covered_display": "100", "missing_lines": 0, "excluded_lines": 0, "percent_statements_covered": 100.0, "percent_statements_covered_display": "100"}, "missing_lines": [], "excluded_lines": [], "start_line": 270}, "ApprovalPublisher.publish_request": {"executed_lines": [324, 325, 326, 334, 335, 336, 341, 343, 346, 348, 349, 350, 356, 361, 363], "summary": {"covered_lines": 15, "num_statements": 17, "percent_covered": 88.23529411764706, "percent_covered_display": "88", "missing_lines": 2, "excluded_lines": 0, "percent_statements_covered": 88.23529411764706, "percent_statements_covered_display": "88"}, "missing_lines": [327, 332], "excluded_lines": [], "start_line": 298}, "": {"executed_lines": [34, 36, 37, 39, 41, 46, 51, 55, 59, 64, 67, 83, 98, 109, 179, 238, 257, 270, 298], "summary": {"covered_lines": 19, "num_statements": 19, "percent_covered": 100.0, "percent_covered_display": "100", "missing_lines": 0, "excluded_lines": 2, "percent_statements_covered": 100.0, "percent_statements_covered_display": "100"}, "missing_lines": [], "excluded_lines": [43, 44], "start_line": 1}}, "classes": {"ApprovalPublishError": {"executed_lines": [99, 100, 101], "summary": {"covered_lines": 3, "num_statements": 3, "percent_covered": 100.0, "percent_covered_display": "100", "missing_lines": 0, "excluded_lines": 0, "percent_statements_covered": 100.0, "percent_statements_covered_display": "100"}, "missing_lines": [], "excluded_lines": [], "start_line": 83}, "ApprovalPublisher": {"executed_lines": [263, 264, 285, 290, 291, 292, 324, 325, 326, 334, 335, 336, 341, 343, 346, 348, 349, 350, 356, 361, 363], "summary": {"covered_lines": 21, "num_statements": 23, "percent_covered": 91.30434782608695, "percent_covered_display": "91", "missing_lines": 2, "excluded_lines": 0, "percent_statements_covered": 91.30434782608695, "percent_statements_covered_display": "91"}, "missing_lines": [327, 332], "excluded_lines": [], "start_line": 238}, "": {"executed_lines": [34, 36, 37, 39, 41, 46, 51, 55, 59, 64, 67, 83, 98, 109, 149, 179, 211, 213, 214, 215, 216, 217, 218, 219, 220, 221, 225, 230, 238, 257, 270, 298], "summary": {"covered_lines": 32, "num_statements": 32, "percent_covered": 100.0, "percent_covered_display": "100", "missing_lines": 0, "excluded_lines": 2, "percent_statements_covered": 100.0, "percent_statements_covered_display": "100"}, "missing_lines": [], "excluded_lines": [43, 44], "start_line": 1}}}}, "totals": {"covered_lines": 56, "num_statements": 58, "percent_covered": 96.55172413793103, "percent_covered_display": "97", "missing_lines": 2, "excluded_lines": 2, "percent_statements_covered": 96.55172413793103, "percent_statements_covered_display": "97"}}