{"meta": {"format": 3, "version": "7.13.0", "timestamp": "2026-05-02T13:03:20.202811", "branch_coverage": false, "show_contexts": false}, "files": {"src/forge/cli/serve.py": {"executed_lines": [1, 52, 54, 55, 56, 57, 59, 61, 62, 67, 68, 69, 70, 71, 77, 79, 83, 90, 91, 99, 100, 111, 127, 142, 145, 153, 171, 173, 177, 193, 221, 227, 240, 241, 244, 298, 303, 310, 329, 361, 381, 461, 462, 474], "summary": {"covered_lines": 42, "num_statements": 77, "percent_covered": 54.54545454545455, "percent_covered_display": "55", "missing_lines": 35, "excluded_lines": 3, "percent_statements_covered": 54.54545454545455, "percent_statements_covered_display": "55"}, "missing_lines": [121, 135, 347, 348, 349, 352, 353, 370, 371, 372, 373, 377, 378, 414, 415, 419, 420, 425, 428, 432, 436, 440, 441, 444, 446, 447, 448, 449, 450, 451, 458, 464, 469, 470, 471], "excluded_lines": [79, 80, 81], "functions": {"_default_recovery_reconcile_on_boot": {"executed_lines": [], "summary": {"covered_lines": 0, "num_statements": 1, "percent_covered": 0.0, "percent_covered_display": "0", "missing_lines": 1, "excluded_lines": 0, "percent_statements_covered": 0.0, "percent_statements_covered_display": "0"}, "missing_lines": [121], "excluded_lines": []}, "_default_consumer_reconcile_on_boot": {"executed_lines": [], "summary": {"covered_lines": 0, "num_statements": 1, "percent_covered": 0.0, "percent_covered_display": "0", "missing_lines": 1, "excluded_lines": 0, "percent_statements_covered": 0.0, "percent_statements_covered_display": "0"}, "missing_lines": [135], "excluded_lines": []}, "_build_async_subagent_middleware": {"executed_lines": [171, 173, 177], "summary": {"covered_lines": 3, "num_statements": 3, "percent_covered": 100.0, "percent_covered_display": "100", "missing_lines": 0, "excluded_lines": 0, "percent_statements_covered": 100.0, "percent_statements_covered_display": "100"}, "missing_lines": [], "excluded_lines": []}, "_make_autobuild_dispatcher_closure": {"executed_lines": [221, 240, 241], "summary": {"covered_lines": 3, "num_statements": 3, "percent_covered": 100.0, "percent_covered_display": "100", "missing_lines": 0, "excluded_lines": 0, "percent_statements_covered": 100.0, "percent_statements_covered_display": "100"}, "missing_lines": [], "excluded_lines": []}, "_make_autobuild_dispatcher_closure.dispatcher": {"executed_lines": [227], "summary": {"covered_lines": 1, "num_statements": 1, "percent_covered": 100.0, "percent_covered_display": "100", "missing_lines": 0, "excluded_lines": 0, "percent_statements_covered": 100.0, "percent_statements_covered_display": "100"}, "missing_lines": [], "excluded_lines": []}, "build_supervisor": {"executed_lines": [298, 303, 310], "summary": {"covered_lines": 3, "num_statements": 3, "percent_covered": 100.0, "percent_covered_display": "100", "missing_lines": 0, "excluded_lines": 0, "percent_statements_covered": 100.0, "percent_statements_covered_display": "100"}, "missing_lines": [], "excluded_lines": []}, "_configure_logging": {"executed_lines": [], "summary": {"covered_lines": 0, "num_statements": 5, "percent_covered": 0.0, "percent_covered_display": "0", "missing_lines": 5, "excluded_lines": 0, "percent_statements_covered": 0.0, "percent_statements_covered_display": "0"}, "missing_lines": [347, 348, 349, 352, 353], "excluded_lines": []}, "_close_client_quietly": {"executed_lines": [], "summary": {"covered_lines": 0, "num_statements": 6, "percent_covered": 0.0, "percent_covered_display": "0", "missing_lines": 6, "excluded_lines": 0, "percent_statements_covered": 0.0, "percent_statements_covered_display": "0"}, "missing_lines": [370, 371, 372, 373, 377, 378], "excluded_lines": []}, "_run_serve": {"executed_lines": [], "summary": {"covered_lines": 0, "num_statements": 18, "percent_covered": 0.0, "percent_covered_display": "0", "missing_lines": 18, "excluded_lines": 0, "percent_statements_covered": 0.0, "percent_statements_covered_display": "0"}, "missing_lines": [414, 415, 419, 420, 425, 428, 432, 436, 440, 441, 444, 446, 447, 448, 449, 450, 451, 458], "excluded_lines": []}, "serve_cmd": {"executed_lines": [], "summary": {"covered_lines": 0, "num_statements": 4, "percent_covered": 0.0, "percent_covered_display": "0", "missing_lines": 4, "excluded_lines": 0, "percent_statements_covered": 0.0, "percent_statements_covered_display": "0"}, "missing_lines": [464, 469, 470, 471], "excluded_lines": []}, "": {"executed_lines": [1, 52, 54, 55, 56, 57, 59, 61, 62, 67, 68, 69, 70, 71, 77, 79, 83, 90, 91, 99, 100, 111, 127, 142, 145, 153, 193, 244, 329, 361, 381, 461, 462, 474], "summary": {"covered_lines": 32, "num_statements": 32, "percent_covered": 100.0, "percent_covered_display": "100", "missing_lines": 0, "excluded_lines": 3, "percent_statements_covered": 100.0, "percent_statements_covered_display": "100"}, "missing_lines": [], "excluded_lines": [79, 80, 81]}}, "classes": {"": {"executed_lines": [1, 52, 54, 55, 56, 57, 59, 61, 62, 67, 68, 69, 70, 71, 77, 79, 83, 90, 91, 99, 100, 111, 127, 142, 145, 153, 171, 173, 177, 193, 221, 227, 240, 241, 244, 298, 303, 310, 329, 361, 381, 461, 462, 474], "summary": {"covered_lines": 42, "num_statements": 77, "percent_covered": 54.54545454545455, "percent_covered_display": "55", "missing_lines": 35, "excluded_lines": 3, "percent_statements_covered": 54.54545454545455, "percent_statements_covered_display": "55"}, "missing_lines": [121, 135, 347, 348, 349, 352, 353, 370, 371, 372, 373, 377, 378, 414, 415, 419, 420, 425, 428, 432, 436, 440, 441, 444, 446, 447, 448, 449, 450, 451, 458, 464, 469, 470, 471], "excluded_lines": [79, 80, 81]}}}, "src/forge/pipeline/dispatchers/autobuild_async.py": {"executed_lines": [1, 70, 72, 73, 74, 76, 80, 82, 85, 95, 103, 112, 120, 121, 122, 143, 144, 145, 146, 154, 155, 156, 169, 192, 193, 194, 207, 229, 230, 231, 243, 273, 284, 295, 409, 413, 417, 427, 432, 437, 443, 449, 466, 473, 477, 491, 497, 507, 517, 527], "summary": {"covered_lines": 41, "num_statements": 45, "percent_covered": 91.11111111111111, "percent_covered_display": "91", "missing_lines": 4, "excluded_lines": 73, "percent_statements_covered": 91.11111111111111, "percent_statements_covered_display": "91"}, "missing_lines": [410, 414, 418, 482], "excluded_lines": [82, 83, 169, 170, 171, 172, 173, 174, 175, 176, 177, 178, 179, 180, 181, 182, 183, 184, 185, 186, 187, 188, 189, 190, 191, 207, 208, 209, 210, 211, 212, 213, 214, 215, 216, 217, 218, 219, 220, 221, 222, 223, 224, 225, 226, 227, 228, 243, 244, 245, 246, 247, 248, 249, 250, 251, 252, 253, 254, 255, 256, 257, 258, 259, 260, 261, 262, 263, 264, 265, 266, 267, 268], "functions": {"AsyncTaskStarter.start_async_task": {"executed_lines": [], "summary": {"covered_lines": 0, "num_statements": 0, "percent_covered": 100.0, "percent_covered_display": "100", "missing_lines": 0, "excluded_lines": 16, "percent_statements_covered": 100.0, "percent_statements_covered_display": "100"}, "missing_lines": [], "excluded_lines": [174, 175, 176, 177, 178, 179, 180, 181, 182, 183, 184, 185, 186, 187, 188, 189]}, "StageLogRecorder.record_running": {"executed_lines": [], "summary": {"covered_lines": 0, "num_statements": 0, "percent_covered": 100.0, "percent_covered_display": "100", "missing_lines": 0, "excluded_lines": 13, "percent_statements_covered": 100.0, "percent_statements_covered_display": "100"}, "missing_lines": [], "excluded_lines": [214, 215, 216, 217, 218, 219, 220, 221, 222, 223, 224, 225, 226]}, "AutobuildStateInitialiser.initialise_autobuild_state": {"executed_lines": [], "summary": {"covered_lines": 0, "num_statements": 0, "percent_covered": 100.0, "percent_covered_display": "100", "missing_lines": 0, "excluded_lines": 13, "percent_statements_covered": 100.0, "percent_statements_covered_display": "100"}, "missing_lines": [], "excluded_lines": [253, 254, 255, 256, 257, 258, 259, 260, 261, 262, 263, 264, 265]}, "_serialise_context_entries": {"executed_lines": [284], "summary": {"covered_lines": 1, "num_statements": 1, "percent_covered": 100.0, "percent_covered_display": "100", "missing_lines": 0, "excluded_lines": 0, "percent_statements_covered": 100.0, "percent_statements_covered_display": "100"}, "missing_lines": [], "excluded_lines": []}, "dispatch_autobuild_async": {"executed_lines": [409, 413, 417, 427, 432, 437, 443, 449, 466, 473, 477, 491, 497, 507, 517, 527], "summary": {"covered_lines": 16, "num_statements": 20, "percent_covered": 80.0, "percent_covered_display": "80", "missing_lines": 4, "excluded_lines": 0, "percent_statements_covered": 80.0, "percent_statements_covered_display": "80"}, "missing_lines": [410, 414, 418, 482], "excluded_lines": []}, "": {"executed_lines": [1, 70, 72, 73, 74, 76, 80, 82, 85, 95, 103, 112, 120, 121, 122, 143, 144, 145, 146, 154, 155, 156, 169, 192, 193, 194, 207, 229, 230, 231, 243, 273, 295], "summary": {"covered_lines": 24, "num_statements": 24, "percent_covered": 100.0, "percent_covered_display": "100", "missing_lines": 0, "excluded_lines": 31, "percent_statements_covered": 100.0, "percent_statements_covered_display": "100"}, "missing_lines": [], "excluded_lines": [82, 83, 169, 170, 171, 172, 173, 190, 191, 207, 208, 209, 210, 211, 212, 213, 227, 228, 243, 244, 245, 246, 247, 248, 249, 250, 251, 252, 266, 267, 268]}}, "classes": {"AutobuildDispatchHandle": {"executed_lines": [], "summary": {"covered_lines": 0, "num_statements": 0, "percent_covered": 100.0, "percent_covered_display": "100", "missing_lines": 0, "excluded_lines": 0, "percent_statements_covered": 100.0, "percent_statements_covered_display": "100"}, "missing_lines": [], "excluded_lines": []}, "AsyncTaskStarter": {"executed_lines": [], "summary": {"covered_lines": 0, "num_statements": 0, "percent_covered": 100.0, "percent_covered_display": "100", "missing_lines": 0, "excluded_lines": 16, "percent_statements_covered": 100.0, "percent_statements_covered_display": "100"}, "missing_lines": [], "excluded_lines": [174, 175, 176, 177, 178, 179, 180, 181, 182, 183, 184, 185, 186, 187, 188, 189]}, "StageLogRecorder": {"executed_lines": [], "summary": {"covered_lines": 0, "num_statements": 0, "percent_covered": 100.0, "percent_covered_display": "100", "missing_lines": 0, "excluded_lines": 13, "percent_statements_covered": 100.0, "percent_statements_covered_display": "100"}, "missing_lines": [], "excluded_lines": [214, 215, 216, 217, 218, 219, 220, 221, 222, 223, 224, 225, 226]}, "AutobuildStateInitialiser": {"executed_lines": [], "summary": {"covered_lines": 0, "num_statements": 0, "percent_covered": 100.0, "percent_covered_display": "100", "missing_lines": 0, "excluded_lines": 13, "percent_statements_covered": 100.0, "percent_statements_covered_display": "100"}, "missing_lines": [], "excluded_lines": [253, 254, 255, 256, 257, 258, 259, 260, 261, 262, 263, 264, 265]}, "": {"executed_lines": [1, 70, 72, 73, 74, 76, 80, 82, 85, 95, 103, 112, 120, 121, 122, 143, 144, 145, 146, 154, 155, 156, 169, 192, 193, 194, 207, 229, 230, 231, 243, 273, 284, 295, 409, 413, 417, 427, 432, 437, 443, 449, 466, 473, 477, 491, 497, 507, 517, 527], "summary": {"covered_lines": 41, "num_statements": 45, "percent_covered": 91.11111111111111, "percent_covered_display": "91", "missing_lines": 4, "excluded_lines": 31, "percent_statements_covered": 91.11111111111111, "percent_statements_covered_display": "91"}, "missing_lines": [410, 414, 418, 482], "excluded_lines": [82, 83, 169, 170, 171, 172, 173, 190, 191, 207, 208, 209, 210, 211, 212, 213, 227, 228, 243, 244, 245, 246, 247, 248, 249, 250, 251, 252, 266, 267, 268]}}}, "src/forge/pipeline/supervisor.py": {"executed_lines": [1, 68, 70, 71, 72, 73, 74, 76, 77, 82, 88, 91, 92, 95, 98, 99, 107, 109, 129, 132, 154, 155, 184, 185, 186, 187, 188, 189, 190, 193, 194, 212, 213, 214, 215, 216, 217, 218, 219, 220, 221, 223, 224, 231, 239, 240, 241, 263, 264, 265, 266, 269, 270, 271, 296, 297, 298, 299, 300, 301, 302, 303, 311, 312, 327, 328, 329, 338, 345, 346, 347, 356, 384, 385, 386, 395, 424, 425, 426, 435, 442, 443, 444, 452, 459, 460, 461, 470, 476, 489, 490, 491, 499, 524, 528, 533, 541, 542, 543, 576, 577, 578, 579, 580, 581, 582, 583, 584, 585, 586, 587, 588, 589, 596, 597, 598, 599, 602, 603, 604, 607, 608, 628, 629, 633, 638, 666, 674, 675, 688, 728, 729, 745, 746, 750, 756, 761, 776, 779, 786, 787, 793, 794, 915, 1072, 1188, 1211, 1376, 1472, 1504, 1595, 1596, 1610, 1619, 1620, 1625], "summary": {"covered_lines": 133, "num_statements": 320, "percent_covered": 41.5625, "percent_covered_display": "42", "missing_lines": 187, "excluded_lines": 116, "percent_statements_covered": 41.5625, "percent_statements_covered_display": "42"}, "missing_lines": [676, 677, 678, 679, 686, 730, 739, 740, 747, 751, 762, 772, 773, 798, 799, 806, 807, 815, 816, 819, 820, 824, 828, 833, 841, 842, 844, 850, 851, 863, 864, 867, 868, 869, 872, 873, 880, 889, 890, 893, 898, 908, 909, 946, 947, 956, 957, 959, 964, 967, 968, 976, 984, 985, 986, 987, 994, 995, 1003, 1004, 1008, 1009, 1010, 1013, 1018, 1026, 1027, 1029, 1035, 1036, 1047, 1048, 1051, 1052, 1057, 1060, 1069, 1070, 1092, 1100, 1107, 1116, 1117, 1120, 1127, 1128, 1130, 1131, 1132, 1134, 1139, 1145, 1154, 1155, 1157, 1159, 1168, 1169, 1172, 1178, 1185, 1186, 1197, 1198, 1201, 1202, 1203, 1204, 1205, 1244, 1245, 1254, 1255, 1256, 1258, 1263, 1267, 1268, 1275, 1283, 1284, 1285, 1292, 1293, 1300, 1301, 1303, 1305, 1310, 1316, 1324, 1325, 1332, 1338, 1342, 1343, 1344, 1345, 1352, 1353, 1362, 1365, 1373, 1374, 1392, 1395, 1404, 1407, 1408, 1413, 1414, 1422, 1427, 1433, 1434, 1436, 1437, 1443, 1451, 1452, 1455, 1469, 1470, 1486, 1490, 1491, 1497, 1498, 1519, 1521, 1522, 1529, 1531, 1532, 1539, 1546, 1553, 1560, 1564, 1565, 1571, 1576, 1586, 1603, 1608, 1634, 1635], "excluded_lines": [109, 110, 111, 116, 121, 124, 338, 339, 340, 341, 342, 343, 344, 356, 357, 358, 359, 360, 361, 362, 363, 364, 365, 366, 367, 368, 369, 370, 371, 372, 373, 374, 375, 376, 377, 378, 379, 380, 381, 382, 383, 395, 396, 397, 398, 399, 400, 401, 402, 403, 404, 405, 406, 407, 408, 409, 410, 411, 412, 413, 414, 415, 416, 417, 418, 419, 420, 421, 422, 423, 435, 436, 437, 438, 439, 440, 441, 452, 453, 454, 455, 456, 457, 458, 470, 471, 472, 473, 474, 475, 476, 477, 478, 479, 480, 481, 482, 483, 484, 485, 486, 487, 488, 499, 500, 501, 502, 503, 504, 505, 506, 507, 508, 509, 510, 511], "functions": {"BuildState.is_terminal": {"executed_lines": [231], "summary": {"covered_lines": 1, "num_statements": 1, "percent_covered": 100.0, "percent_covered_display": "100", "missing_lines": 0, "excluded_lines": 0, "percent_statements_covered": 100.0, "percent_statements_covered_display": "100"}, "missing_lines": [], "excluded_lines": []}, "StateMachineReader.get_build_state": {"executed_lines": [], "summary": {"covered_lines": 0, "num_statements": 0, "percent_covered": 100.0, "percent_covered_display": "100", "missing_lines": 0, "excluded_lines": 2, "percent_statements_covered": 100.0, "percent_statements_covered_display": "100"}, "missing_lines": [], "excluded_lines": [341, 342]}, "ReasoningModelPort.choose_dispatch": {"executed_lines": [], "summary": {"covered_lines": 0, "num_statements": 0, "percent_covered": 100.0, "percent_covered_display": "100", "missing_lines": 0, "excluded_lines": 17, "percent_statements_covered": 100.0, "percent_statements_covered_display": "100"}, "missing_lines": [], "excluded_lines": [365, 366, 367, 368, 369, 370, 371, 372, 373, 374, 375, 376, 377, 378, 379, 380, 381]}, "StageLogTurnRecorder.record_turn": {"executed_lines": [], "summary": {"covered_lines": 0, "num_statements": 0, "percent_covered": 100.0, "percent_covered_display": "100", "missing_lines": 0, "excluded_lines": 16, "percent_statements_covered": 100.0, "percent_statements_covered_display": "100"}, "missing_lines": [], "excluded_lines": [406, 407, 408, 409, 410, 411, 412, 413, 414, 415, 416, 417, 418, 419, 420, 421]}, "BuildModeReader.get_build_mode": {"executed_lines": [], "summary": {"covered_lines": 0, "num_statements": 0, "percent_covered": 100.0, "percent_covered_display": "100", "missing_lines": 0, "excluded_lines": 2, "percent_statements_covered": 100.0, "percent_statements_covered_display": "100"}, "missing_lines": [], "excluded_lines": [438, 439]}, "ModeBHistoryReader.get_mode_b_history": {"executed_lines": [], "summary": {"covered_lines": 0, "num_statements": 0, "percent_covered": 100.0, "percent_covered_display": "100", "missing_lines": 0, "excluded_lines": 2, "percent_statements_covered": 100.0, "percent_statements_covered_display": "100"}, "missing_lines": [], "excluded_lines": [455, 456]}, "ModeCHistoryReader.get_mode_c_history": {"executed_lines": [], "summary": {"covered_lines": 0, "num_statements": 0, "percent_covered": 100.0, "percent_covered_display": "100", "missing_lines": 0, "excluded_lines": 2, "percent_statements_covered": 100.0, "percent_statements_covered_display": "100"}, "missing_lines": [], "excluded_lines": [473, 474]}, "ModeCHistoryReader.has_commits": {"executed_lines": [], "summary": {"covered_lines": 0, "num_statements": 0, "percent_covered": 100.0, "percent_covered_display": "100", "missing_lines": 0, "excluded_lines": 8, "percent_statements_covered": 100.0, "percent_statements_covered_display": "100"}, "missing_lines": [], "excluded_lines": [479, 480, 481, 482, 483, 484, 485, 486]}, "PRReviewGate.submit_decision": {"executed_lines": [], "summary": {"covered_lines": 0, "num_statements": 0, "percent_covered": 100.0, "percent_covered_display": "100", "missing_lines": 0, "excluded_lines": 2, "percent_statements_covered": 100.0, "percent_statements_covered_display": "100"}, "missing_lines": [], "excluded_lines": [507, 508]}, "Supervisor._read_build_mode": {"executed_lines": [674, 675], "summary": {"covered_lines": 2, "num_statements": 7, "percent_covered": 28.571428571428573, "percent_covered_display": "29", "missing_lines": 5, "excluded_lines": 0, "percent_statements_covered": 28.571428571428573, "percent_statements_covered_display": "29"}, "missing_lines": [676, 677, 678, 679, 686], "excluded_lines": []}, "Supervisor.next_turn": {"executed_lines": [728, 729, 745, 746, 750, 756, 761, 776, 779, 786, 787, 793, 794], "summary": {"covered_lines": 13, "num_statements": 51, "percent_covered": 25.49019607843137, "percent_covered_display": "25", "missing_lines": 38, "excluded_lines": 0, "percent_statements_covered": 25.49019607843137, "percent_statements_covered_display": "25"}, "missing_lines": [730, 739, 740, 747, 751, 762, 772, 773, 798, 799, 806, 807, 815, 816, 819, 820, 824, 828, 833, 841, 842, 844, 850, 851, 863, 864, 867, 868, 869, 872, 873, 880, 889, 890, 893, 898, 908, 909], "excluded_lines": []}, "Supervisor._next_turn_mode_b": {"executed_lines": [], "summary": {"covered_lines": 0, "num_statements": 35, "percent_covered": 0.0, "percent_covered_display": "0", "missing_lines": 35, "excluded_lines": 0, "percent_statements_covered": 0.0, "percent_statements_covered_display": "0"}, "missing_lines": [946, 947, 956, 957, 959, 964, 967, 968, 976, 984, 985, 986, 987, 994, 995, 1003, 1004, 1008, 1009, 1010, 1013, 1018, 1026, 1027, 1029, 1035, 1036, 1047, 1048, 1051, 1052, 1057, 1060, 1069, 1070], "excluded_lines": []}, "Supervisor._mode_b_resolve_no_advance": {"executed_lines": [], "summary": {"covered_lines": 0, "num_statements": 24, "percent_covered": 0.0, "percent_covered_display": "0", "missing_lines": 24, "excluded_lines": 0, "percent_statements_covered": 0.0, "percent_statements_covered_display": "0"}, "missing_lines": [1092, 1100, 1107, 1116, 1117, 1120, 1127, 1128, 1130, 1131, 1132, 1134, 1139, 1145, 1154, 1155, 1157, 1159, 1168, 1169, 1172, 1178, 1185, 1186], "excluded_lines": []}, "Supervisor._mode_feature_id_for": {"executed_lines": [], "summary": {"covered_lines": 0, "num_statements": 7, "percent_covered": 0.0, "percent_covered_display": "0", "missing_lines": 7, "excluded_lines": 0, "percent_statements_covered": 0.0, "percent_statements_covered_display": "0"}, "missing_lines": [1197, 1198, 1201, 1202, 1203, 1204, 1205], "excluded_lines": []}, "Supervisor._next_turn_mode_c": {"executed_lines": [], "summary": {"covered_lines": 0, "num_statements": 35, "percent_covered": 0.0, "percent_covered_display": "0", "missing_lines": 35, "excluded_lines": 0, "percent_statements_covered": 0.0, "percent_statements_covered_display": "0"}, "missing_lines": [1244, 1245, 1254, 1255, 1256, 1258, 1263, 1267, 1268, 1275, 1283, 1284, 1285, 1292, 1293, 1300, 1301, 1303, 1305, 1310, 1316, 1324, 1325, 1332, 1338, 1342, 1343, 1344, 1345, 1352, 1353, 1362, 1365, 1373, 1374], "excluded_lines": []}, "Supervisor._mode_c_resolve_terminal": {"executed_lines": [], "summary": {"covered_lines": 0, "num_statements": 19, "percent_covered": 0.0, "percent_covered_display": "0", "missing_lines": 19, "excluded_lines": 0, "percent_statements_covered": 0.0, "percent_statements_covered_display": "0"}, "missing_lines": [1392, 1395, 1404, 1407, 1408, 1413, 1414, 1422, 1427, 1433, 1434, 1436, 1437, 1443, 1451, 1452, 1455, 1469, 1470], "excluded_lines": []}, "Supervisor._mode_misconfigured": {"executed_lines": [], "summary": {"covered_lines": 0, "num_statements": 5, "percent_covered": 0.0, "percent_covered_display": "0", "missing_lines": 5, "excluded_lines": 0, "percent_statements_covered": 0.0, "percent_statements_covered_display": "0"}, "missing_lines": [1486, 1490, 1491, 1497, 1498], "excluded_lines": []}, "Supervisor._dispatch": {"executed_lines": [], "summary": {"covered_lines": 0, "num_statements": 15, "percent_covered": 0.0, "percent_covered_display": "0", "missing_lines": 15, "excluded_lines": 0, "percent_statements_covered": 0.0, "percent_statements_covered_display": "0"}, "missing_lines": [1519, 1521, 1522, 1529, 1531, 1532, 1539, 1546, 1553, 1560, 1564, 1565, 1571, 1576, 1586], "excluded_lines": []}, "Supervisor._default_rationale": {"executed_lines": [], "summary": {"covered_lines": 0, "num_statements": 2, "percent_covered": 0.0, "percent_covered_display": "0", "missing_lines": 2, "excluded_lines": 0, "percent_statements_covered": 0.0, "percent_statements_covered_display": "0"}, "missing_lines": [1603, 1608], "excluded_lines": []}, "Supervisor._record_safe": {"executed_lines": [1619, 1620, 1625], "summary": {"covered_lines": 3, "num_statements": 5, "percent_covered": 60.0, "percent_covered_display": "60", "missing_lines": 2, "excluded_lines": 0, "percent_statements_covered": 60.0, "percent_statements_covered_display": "60"}, "missing_lines": [1634, 1635], "excluded_lines": []}, "": {"executed_lines": [1, 68, 70, 71, 72, 73, 74, 76, 77, 82, 88, 91, 92, 95, 98, 99, 107, 109, 129, 132, 154, 155, 184, 185, 186, 187, 188, 189, 190, 193, 194, 212, 213, 214, 215, 216, 217, 218, 219, 220, 221, 223, 224, 239, 240, 241, 263, 264, 265, 266, 269, 270, 271, 296, 297, 298, 299, 300, 301, 302, 303, 311, 312, 327, 328, 329, 338, 345, 346, 347, 356, 384, 385, 386, 395, 424, 425, 426, 435, 442, 443, 444, 452, 459, 460, 461, 470, 476, 489, 490, 491, 499, 524, 528, 533, 541, 542, 543, 576, 577, 578, 579, 580, 581, 582, 583, 584, 585, 586, 587, 588, 589, 596, 597, 598, 599, 602, 603, 604, 607, 608, 628, 629, 633, 638, 666, 688, 915, 1072, 1188, 1211, 1376, 1472, 1504, 1595, 1596, 1610], "summary": {"covered_lines": 114, "num_statements": 114, "percent_covered": 100.0, "percent_covered_display": "100", "missing_lines": 0, "excluded_lines": 65, "percent_statements_covered": 100.0, "percent_statements_covered_display": "100"}, "missing_lines": [], "excluded_lines": [109, 110, 111, 116, 121, 124, 338, 339, 340, 343, 344, 356, 357, 358, 359, 360, 361, 362, 363, 364, 382, 383, 395, 396, 397, 398, 399, 400, 401, 402, 403, 404, 405, 422, 423, 435, 436, 437, 440, 441, 452, 453, 454, 457, 458, 470, 471, 472, 475, 476, 477, 478, 487, 488, 499, 500, 501, 502, 503, 504, 505, 506, 509, 510, 511]}}, "classes": {"TurnOutcome": {"executed_lines": [], "summary": {"covered_lines": 0, "num_statements": 0, "percent_covered": 100.0, "percent_covered_display": "100", "missing_lines": 0, "excluded_lines": 0, "percent_statements_covered": 100.0, "percent_statements_covered_display": "100"}, "missing_lines": [], "excluded_lines": []}, "BuildState": {"executed_lines": [231], "summary": {"covered_lines": 1, "num_statements": 1, "percent_covered": 100.0, "percent_covered_display": "100", "missing_lines": 0, "excluded_lines": 0, "percent_statements_covered": 100.0, "percent_statements_covered_display": "100"}, "missing_lines": [], "excluded_lines": []}, "DispatchChoice": {"executed_lines": [], "summary": {"covered_lines": 0, "num_statements": 0, "percent_covered": 100.0, "percent_covered_display": "100", "missing_lines": 0, "excluded_lines": 0, "percent_statements_covered": 100.0, "percent_statements_covered_display": "100"}, "missing_lines": [], "excluded_lines": []}, "TurnReport": {"executed_lines": [], "summary": {"covered_lines": 0, "num_statements": 0, "percent_covered": 100.0, "percent_covered_display": "100", "missing_lines": 0, "excluded_lines": 0, "percent_statements_covered": 100.0, "percent_statements_covered_display": "100"}, "missing_lines": [], "excluded_lines": []}, "TerminalStateError": {"executed_lines": [], "summary": {"covered_lines": 0, "num_statements": 0, "percent_covered": 100.0, "percent_covered_display": "100", "missing_lines": 0, "excluded_lines": 0, "percent_statements_covered": 100.0, "percent_statements_covered_display": "100"}, "missing_lines": [], "excluded_lines": []}, "StateMachineReader": {"executed_lines": [], "summary": {"covered_lines": 0, "num_statements": 0, "percent_covered": 100.0, "percent_covered_display": "100", "missing_lines": 0, "excluded_lines": 2, "percent_statements_covered": 100.0, "percent_statements_covered_display": "100"}, "missing_lines": [], "excluded_lines": [341, 342]}, "ReasoningModelPort": {"executed_lines": [], "summary": {"covered_lines": 0, "num_statements": 0, "percent_covered": 100.0, "percent_covered_display": "100", "missing_lines": 0, "excluded_lines": 17, "percent_statements_covered": 100.0, "percent_statements_covered_display": "100"}, "missing_lines": [], "excluded_lines": [365, 366, 367, 368, 369, 370, 371, 372, 373, 374, 375, 376, 377, 378, 379, 380, 381]}, "StageLogTurnRecorder": {"executed_lines": [], "summary": {"covered_lines": 0, "num_statements": 0, "percent_covered": 100.0, "percent_covered_display": "100", "missing_lines": 0, "excluded_lines": 16, "percent_statements_covered": 100.0, "percent_statements_covered_display": "100"}, "missing_lines": [], "excluded_lines": [406, 407, 408, 409, 410, 411, 412, 413, 414, 415, 416, 417, 418, 419, 420, 421]}, "BuildModeReader": {"executed_lines": [], "summary": {"covered_lines": 0, "num_statements": 0, "percent_covered": 100.0, "percent_covered_display": "100", "missing_lines": 0, "excluded_lines": 2, "percent_statements_covered": 100.0, "percent_statements_covered_display": "100"}, "missing_lines": [], "excluded_lines": [438, 439]}, "ModeBHistoryReader": {"executed_lines": [], "summary": {"covered_lines": 0, "num_statements": 0, "percent_covered": 100.0, "percent_covered_display": "100", "missing_lines": 0, "excluded_lines": 2, "percent_statements_covered": 100.0, "percent_statements_covered_display": "100"}, "missing_lines": [], "excluded_lines": [455, 456]}, "ModeCHistoryReader": {"executed_lines": [], "summary": {"covered_lines": 0, "num_statements": 0, "percent_covered": 100.0, "percent_covered_display": "100", "missing_lines": 0, "excluded_lines": 10, "percent_statements_covered": 100.0, "percent_statements_covered_display": "100"}, "missing_lines": [], "excluded_lines": [473, 474, 479, 480, 481, 482, 483, 484, 485, 486]}, "PRReviewGate": {"executed_lines": [], "summary": {"covered_lines": 0, "num_statements": 0, "percent_covered": 100.0, "percent_covered_display": "100", "missing_lines": 0, "excluded_lines": 2, "percent_statements_covered": 100.0, "percent_statements_covered_display": "100"}, "missing_lines": [], "excluded_lines": [507, 508]}, "Supervisor": {"executed_lines": [674, 675, 728, 729, 745, 746, 750, 756, 761, 776, 779, 786, 787, 793, 794, 1619, 1620, 1625], "summary": {"covered_lines": 18, "num_statements": 205, "percent_covered": 8.78048780487805, "percent_covered_display": "9", "missing_lines": 187, "excluded_lines": 0, "percent_statements_covered": 8.78048780487805, "percent_statements_covered_display": "9"}, "missing_lines": [676, 677, 678, 679, 686, 730, 739, 740, 747, 751, 762, 772, 773, 798, 799, 806, 807, 815, 816, 819, 820, 824, 828, 833, 841, 842, 844, 850, 851, 863, 864, 867, 868, 869, 872, 873, 880, 889, 890, 893, 898, 908, 909, 946, 947, 956, 957, 959, 964, 967, 968, 976, 984, 985, 986, 987, 994, 995, 1003, 1004, 1008, 1009, 1010, 1013, 1018, 1026, 1027, 1029, 1035, 1036, 1047, 1048, 1051, 1052, 1057, 1060, 1069, 1070, 1092, 1100, 1107, 1116, 1117, 1120, 1127, 1128, 1130, 1131, 1132, 1134, 1139, 1145, 1154, 1155, 1157, 1159, 1168, 1169, 1172, 1178, 1185, 1186, 1197, 1198, 1201, 1202, 1203, 1204, 1205, 1244, 1245, 1254, 1255, 1256, 1258, 1263, 1267, 1268, 1275, 1283, 1284, 1285, 1292, 1293, 1300, 1301, 1303, 1305, 1310, 1316, 1324, 1325, 1332, 1338, 1342, 1343, 1344, 1345, 1352, 1353, 1362, 1365, 1373, 1374, 1392, 1395, 1404, 1407, 1408, 1413, 1414, 1422, 1427, 1433, 1434, 1436, 1437, 1443, 1451, 1452, 1455, 1469, 1470, 1486, 1490, 1491, 1497, 1498, 1519, 1521, 1522, 1529, 1531, 1532, 1539, 1546, 1553, 1560, 1564, 1565, 1571, 1576, 1586, 1603, 1608, 1634, 1635], "excluded_lines": []}, "": {"executed_lines": [1, 68, 70, 71, 72, 73, 74, 76, 77, 82, 88, 91, 92, 95, 98, 99, 107, 109, 129, 132, 154, 155, 184, 185, 186, 187, 188, 189, 190, 193, 194, 212, 213, 214, 215, 216, 217, 218, 219, 220, 221, 223, 224, 239, 240, 241, 263, 264, 265, 266, 269, 270, 271, 296, 297, 298, 299, 300, 301, 302, 303, 311, 312, 327, 328, 329, 338, 345, 346, 347, 356, 384, 385, 386, 395, 424, 425, 426, 435, 442, 443, 444, 452, 459, 460, 461, 470, 476, 489, 490, 491, 499, 524, 528, 533, 541, 542, 543, 576, 577, 578, 579, 580, 581, 582, 583, 584, 585, 586, 587, 588, 589, 596, 597, 598, 599, 602, 603, 604, 607, 608, 628, 629, 633, 638, 666, 688, 915, 1072, 1188, 1211, 1376, 1472, 1504, 1595, 1596, 1610], "summary": {"covered_lines": 114, "num_statements": 114, "percent_covered": 100.0, "percent_covered_display": "100", "missing_lines": 0, "excluded_lines": 65, "percent_statements_covered": 100.0, "percent_statements_covered_display": "100"}, "missing_lines": [], "excluded_lines": [109, 110, 111, 116, 121, 124, 338, 339, 340, 343, 344, 356, 357, 358, 359, 360, 361, 362, 363, 364, 382, 383, 395, 396, 397, 398, 399, 400, 401, 402, 403, 404, 405, 422, 423, 435, 436, 437, 440, 441, 452, 453, 454, 457, 458, 470, 471, 472, 475, 476, 477, 478, 487, 488, 499, 500, 501, 502, 503, 504, 505, 506, 509, 510, 511]}}}}, "totals": {"covered_lines": 216, "num_statements": 442, "percent_covered": 48.86877828054298, "percent_covered_display": "49", "missing_lines": 226, "excluded_lines": 192, "percent_statements_covered": 48.86877828054298, "percent_statements_covered_display": "49"}}